gpasm-1.4.0 #1107 (Feb 13 2015)    usb_ep.asm   4-21-2015  23:42:50         PAGE  1


LOC    OBJECT CODE    LINE  SOURCE TEXT
  VALUE

                      00001 ;--------------------------------------------------------
                      00002 ; File Created by SDCC : free open source ANSI-C Compiler
                      00003 ; Version 3.4.0 #8981 (May 19 2014) (Linux)
                      00004 ; This file was generated Tue Apr 21 23:42:50 2015
                      00005 ;--------------------------------------------------------
                      00006 ; PIC16 port for the Microchip 16-bit core micros
                      00007 ;--------------------------------------------------------
                      00008 
                      00009         .ident "SDCC version 3.4.0 #8981 [pic16 port]"
                      00010         .file   "usb_ep.c"
                      00011         list    p=18f2550
                      00012         radix   dec
                      00013 
                      00014 
                      00015 ;--------------------------------------------------------
                      00016 ; public variables in this module
                      00017 ;--------------------------------------------------------
  0000                00018         global  _USB_EP1_init
  0000                00019         global  _USB_EP2_init
  0000                00020         global  _USB_EP2_send
  0000                00021         global  _USB_EP2_transmission
  0000                00022         global  _USB_EP1_transmission
                      00023 
                      00024 ;--------------------------------------------------------
                      00025 ; extern variables in this module
                      00026 ;--------------------------------------------------------
  0000                00027         extern  __gptrget1
  0000                00028         extern  _UFRMLbits
  0000                00029         extern  _UFRMHbits
  0000                00030         extern  _UIRbits
  0000                00031         extern  _UIEbits
  0000                00032         extern  _UEIRbits
  0000                00033         extern  _UEIEbits
  0000                00034         extern  _USTATbits
  0000                00035         extern  _UCONbits
  0000                00036         extern  _UADDRbits
  0000                00037         extern  _UCFGbits
  0000                00038         extern  _UEP0bits
  0000                00039         extern  _UEP1bits
  0000                00040         extern  _UEP2bits
  0000                00041         extern  _UEP3bits
  0000                00042         extern  _UEP4bits
  0000                00043         extern  _UEP5bits
  0000                00044         extern  _UEP6bits
  0000                00045         extern  _UEP7bits
  0000                00046         extern  _UEP8bits
  0000                00047         extern  _UEP9bits
  0000                00048         extern  _UEP10bits
  0000                00049         extern  _UEP11bits
  0000                00050         extern  _UEP12bits
  0000                00051         extern  _UEP13bits
  0000                00052         extern  _UEP14bits
  0000                00053         extern  _UEP15bits
gpasm-1.4.0 #1107 (Feb 13 2015)    usb_ep.asm   4-21-2015  23:42:50         PAGE  2


LOC    OBJECT CODE    LINE  SOURCE TEXT
  VALUE

  0000                00054         extern  _PORTAbits
  0000                00055         extern  _PORTBbits
  0000                00056         extern  _PORTCbits
  0000                00057         extern  _PORTEbits
  0000                00058         extern  _LATAbits
  0000                00059         extern  _LATBbits
  0000                00060         extern  _LATCbits
  0000                00061         extern  _DDRAbits
  0000                00062         extern  _TRISAbits
  0000                00063         extern  _DDRBbits
  0000                00064         extern  _TRISBbits
  0000                00065         extern  _DDRCbits
  0000                00066         extern  _TRISCbits
  0000                00067         extern  _OSCTUNEbits
  0000                00068         extern  _PIE1bits
  0000                00069         extern  _PIR1bits
  0000                00070         extern  _IPR1bits
  0000                00071         extern  _PIE2bits
  0000                00072         extern  _PIR2bits
  0000                00073         extern  _IPR2bits
  0000                00074         extern  _EECON1bits
  0000                00075         extern  _RCSTAbits
  0000                00076         extern  _TXSTAbits
  0000                00077         extern  _T3CONbits
  0000                00078         extern  _CMCONbits
  0000                00079         extern  _CVRCONbits
  0000                00080         extern  _CCP1ASbits
  0000                00081         extern  _ECCP1ASbits
  0000                00082         extern  _CCP1DELbits
  0000                00083         extern  _ECCP1DELbits
  0000                00084         extern  _BAUDCONbits
  0000                00085         extern  _BAUDCTLbits
  0000                00086         extern  _CCP2CONbits
  0000                00087         extern  _CCP1CONbits
  0000                00088         extern  _ADCON2bits
  0000                00089         extern  _ADCON1bits
  0000                00090         extern  _ADCON0bits
  0000                00091         extern  _SSPCON2bits
  0000                00092         extern  _SSPCON1bits
  0000                00093         extern  _SSPSTATbits
  0000                00094         extern  _T2CONbits
  0000                00095         extern  _T1CONbits
  0000                00096         extern  _RCONbits
  0000                00097         extern  _WDTCONbits
  0000                00098         extern  _HLVDCONbits
  0000                00099         extern  _LVDCONbits
  0000                00100         extern  _OSCCONbits
  0000                00101         extern  _T0CONbits
  0000                00102         extern  _STATUSbits
  0000                00103         extern  _INTCON3bits
  0000                00104         extern  _INTCON2bits
  0000                00105         extern  _INTCONbits
  0000                00106         extern  _STKPTRbits
gpasm-1.4.0 #1107 (Feb 13 2015)    usb_ep.asm   4-21-2015  23:42:50         PAGE  3


LOC    OBJECT CODE    LINE  SOURCE TEXT
  VALUE

  0000                00107         extern  _usb_ustat
  0000                00108         extern  _usb_bd
  0000                00109         extern  _UFRM
  0000                00110         extern  _UFRML
  0000                00111         extern  _UFRMH
  0000                00112         extern  _UIR
  0000                00113         extern  _UIE
  0000                00114         extern  _UEIR
  0000                00115         extern  _UEIE
  0000                00116         extern  _USTAT
  0000                00117         extern  _UCON
  0000                00118         extern  _UADDR
  0000                00119         extern  _UCFG
  0000                00120         extern  _UEP0
  0000                00121         extern  _UEP1
  0000                00122         extern  _UEP2
  0000                00123         extern  _UEP3
  0000                00124         extern  _UEP4
  0000                00125         extern  _UEP5
  0000                00126         extern  _UEP6
  0000                00127         extern  _UEP7
  0000                00128         extern  _UEP8
  0000                00129         extern  _UEP9
  0000                00130         extern  _UEP10
  0000                00131         extern  _UEP11
  0000                00132         extern  _UEP12
  0000                00133         extern  _UEP13
  0000                00134         extern  _UEP14
  0000                00135         extern  _UEP15
  0000                00136         extern  _PORTA
  0000                00137         extern  _PORTB
  0000                00138         extern  _PORTC
  0000                00139         extern  _PORTE
  0000                00140         extern  _LATA
  0000                00141         extern  _LATB
  0000                00142         extern  _LATC
  0000                00143         extern  _DDRA
  0000                00144         extern  _TRISA
  0000                00145         extern  _DDRB
  0000                00146         extern  _TRISB
  0000                00147         extern  _DDRC
  0000                00148         extern  _TRISC
  0000                00149         extern  _OSCTUNE
  0000                00150         extern  _PIE1
  0000                00151         extern  _PIR1
  0000                00152         extern  _IPR1
  0000                00153         extern  _PIE2
  0000                00154         extern  _PIR2
  0000                00155         extern  _IPR2
  0000                00156         extern  _EECON1
  0000                00157         extern  _EECON2
  0000                00158         extern  _EEDATA
  0000                00159         extern  _EEADR
gpasm-1.4.0 #1107 (Feb 13 2015)    usb_ep.asm   4-21-2015  23:42:50         PAGE  4


LOC    OBJECT CODE    LINE  SOURCE TEXT
  VALUE

  0000                00160         extern  _RCSTA
  0000                00161         extern  _TXSTA
  0000                00162         extern  _TXREG
  0000                00163         extern  _RCREG
  0000                00164         extern  _SPBRG
  0000                00165         extern  _SPBRGH
  0000                00166         extern  _T3CON
  0000                00167         extern  _TMR3
  0000                00168         extern  _TMR3L
  0000                00169         extern  _TMR3H
  0000                00170         extern  _CMCON
  0000                00171         extern  _CVRCON
  0000                00172         extern  _CCP1AS
  0000                00173         extern  _ECCP1AS
  0000                00174         extern  _CCP1DEL
  0000                00175         extern  _ECCP1DEL
  0000                00176         extern  _BAUDCON
  0000                00177         extern  _BAUDCTL
  0000                00178         extern  _CCP2CON
  0000                00179         extern  _CCPR2
  0000                00180         extern  _CCPR2L
  0000                00181         extern  _CCPR2H
  0000                00182         extern  _CCP1CON
  0000                00183         extern  _CCPR1
  0000                00184         extern  _CCPR1L
  0000                00185         extern  _CCPR1H
  0000                00186         extern  _ADCON2
  0000                00187         extern  _ADCON1
  0000                00188         extern  _ADCON0
  0000                00189         extern  _ADRES
  0000                00190         extern  _ADRESL
  0000                00191         extern  _ADRESH
  0000                00192         extern  _SSPCON2
  0000                00193         extern  _SSPCON1
  0000                00194         extern  _SSPSTAT
  0000                00195         extern  _SSPADD
  0000                00196         extern  _SSPBUF
  0000                00197         extern  _T2CON
  0000                00198         extern  _PR2
  0000                00199         extern  _TMR2
  0000                00200         extern  _T1CON
  0000                00201         extern  _TMR1
  0000                00202         extern  _TMR1L
  0000                00203         extern  _TMR1H
  0000                00204         extern  _RCON
  0000                00205         extern  _WDTCON
  0000                00206         extern  _HLVDCON
  0000                00207         extern  _LVDCON
  0000                00208         extern  _OSCCON
  0000                00209         extern  _T0CON
  0000                00210         extern  _TMR0
  0000                00211         extern  _TMR0L
  0000                00212         extern  _TMR0H
gpasm-1.4.0 #1107 (Feb 13 2015)    usb_ep.asm   4-21-2015  23:42:50         PAGE  5


LOC    OBJECT CODE    LINE  SOURCE TEXT
  VALUE

  0000                00213         extern  _STATUS
  0000                00214         extern  _FSR2L
  0000                00215         extern  _FSR2H
  0000                00216         extern  _PLUSW2
  0000                00217         extern  _PREINC2
  0000                00218         extern  _POSTDEC2
  0000                00219         extern  _POSTINC2
  0000                00220         extern  _INDF2
  0000                00221         extern  _BSR
  0000                00222         extern  _FSR1L
  0000                00223         extern  _FSR1H
  0000                00224         extern  _PLUSW1
  0000                00225         extern  _PREINC1
  0000                00226         extern  _POSTDEC1
  0000                00227         extern  _POSTINC1
  0000                00228         extern  _INDF1
  0000                00229         extern  _WREG
  0000                00230         extern  _FSR0L
  0000                00231         extern  _FSR0H
  0000                00232         extern  _PLUSW0
  0000                00233         extern  _PREINC0
  0000                00234         extern  _POSTDEC0
  0000                00235         extern  _POSTINC0
  0000                00236         extern  _INDF0
  0000                00237         extern  _INTCON3
  0000                00238         extern  _INTCON2
  0000                00239         extern  _INTCON
  0000                00240         extern  _PROD
  0000                00241         extern  _PRODL
  0000                00242         extern  _PRODH
  0000                00243         extern  _TABLAT
  0000                00244         extern  _TBLPTR
  0000                00245         extern  _TBLPTRL
  0000                00246         extern  _TBLPTRH
  0000                00247         extern  _TBLPTRU
  0000                00248         extern  _PC
  0000                00249         extern  _PCL
  0000                00250         extern  _PCLATH
  0000                00251         extern  _PCLATU
  0000                00252         extern  _STKPTR
  0000                00253         extern  _TOS
  0000                00254         extern  _TOSL
  0000                00255         extern  _TOSH
  0000                00256         extern  _TOSU
  0000                00257         extern  _process
                      00258 
                      00259 ;--------------------------------------------------------
                      00260 ;       Equates to used internal registers
                      00261 ;--------------------------------------------------------
  00000FD8            00262 STATUS  equ     0xfd8
  00000FE8            00263 WREG    equ     0xfe8
  00000FE9            00264 FSR0L   equ     0xfe9
  00000FEA            00265 FSR0H   equ     0xfea
gpasm-1.4.0 #1107 (Feb 13 2015)    usb_ep.asm   4-21-2015  23:42:50         PAGE  6


LOC    OBJECT CODE    LINE  SOURCE TEXT
  VALUE

  00000FE1            00266 FSR1L   equ     0xfe1
  00000FD9            00267 FSR2L   equ     0xfd9
  00000FEF            00268 INDF0   equ     0xfef
  00000FE5            00269 POSTDEC1        equ     0xfe5
  00000FE4            00270 PREINC1 equ     0xfe4
  00000FDB            00271 PLUSW2  equ     0xfdb
  00000FF3            00272 PRODL   equ     0xff3
                      00273 
                      00274 
                      00275 ; Internal registers
                      00276 .registers      udata_ovr       0x0000
000000                00277 r0x00   res     1
000001                00278 r0x01   res     1
000002                00279 r0x02   res     1
000003                00280 r0x03   res     1
000004                00281 r0x04   res     1
000005                00282 r0x05   res     1
000006                00283 r0x06   res     1
000007                00284 r0x07   res     1
000008                00285 r0x08   res     1
000009                00286 r0x09   res     1
00000A                00287 r0x0a   res     1
00000B                00288 r0x0b   res     1
                      00289 
                      00290 
                      00291 databank6       udata
000000                00292 _USB_EP1_buffer res     64
000040                00293 _USB_EP2_buffer res     64
                      00294 
                      00295 ;--------------------------------------------------------
                      00296 ; global & static initialisations
                      00297 ;--------------------------------------------------------
                      00298 ; I code from now on!
                      00299 ; ; Starting pCode block
                      00300 S_usb_ep__USB_EP1_transmission  code
000000                00301 _USB_EP1_transmission:
                      00302         .line   104; usb_ep.c   void USB_EP1_transmission(void)
000000 CFD9 FFE5      00303         MOVFF   FSR2L, POSTDEC1
000004 CFE1 FFD9      00304         MOVFF   FSR1L, FSR2L
000008 C??? F???      00305         MOVFF   r0x00, POSTDEC1
00000C ????           00306         BANKSEL (_usb_bd + 9)
                      00307         .line   110; usb_ep.c   process(msg, cnt);
00000E 51??           00308         MOVF    (_usb_bd + 9), W, B
Message[1301]: Using default destination of 0 (Access Bank).
000010 6EE5           00309         MOVWF   POSTDEC1
000012 ????           00310         BANKSEL (_usb_bd + 11)
000014 51??           00311         MOVF    (_usb_bd + 11), W, B
Message[1301]: Using default destination of 0 (Access Bank).
000016 6EE5           00312         MOVWF   POSTDEC1
000018 ????           00313         BANKSEL (_usb_bd + 10)
00001A 51??           00314         MOVF    (_usb_bd + 10), W, B
Message[1301]: Using default destination of 0 (Access Bank).
00001C 6EE5           00315         MOVWF   POSTDEC1
gpasm-1.4.0 #1107 (Feb 13 2015)    usb_ep.asm   4-21-2015  23:42:50         PAGE  7


LOC    OBJECT CODE    LINE  SOURCE TEXT
  VALUE

00001E EC?? F0??      00316         CALL    _process
000022 0E03           00317         MOVLW   0x03
000024 26E1           00318         ADDWF   FSR1L, F
                      00319         .line   112; usb_ep.c   bdpnt->cnt = EP1_BUFFER_SIZE;
000026 0E40           00320         MOVLW   0x40
000028 ????           00321         BANKSEL (_usb_bd + 9)
00002A 6F??           00322         MOVWF   (_usb_bd + 9), B
                      00323         .line   113; usb_ep.c   USB_BD_SET_STAT(bdpnt);
00002C 0E40           00324         MOVLW   0x40
00002E ????           00325         BANKSEL (_usb_bd + 8)
000030 15??           00326         ANDWF   (_usb_bd + 8), W, B
Message[1301]: Using default destination of 0 (Access Bank).
000032 6E??           00327         MOVWF   r0x00
000034 7C??           00328         BTG     r0x00, 6
000036 0E88           00329         MOVLW   0x88
000038 12??           00330         IORWF   r0x00, F
00003A 50??           00331         MOVF    r0x00, W
00003C ????           00332         BANKSEL (_usb_bd + 8)
00003E 6F??           00333         MOVWF   (_usb_bd + 8), B
000040 CFE4 F000      00334         MOVFF   PREINC1, r0x00
000044 CFE4 FFD9      00335         MOVFF   PREINC1, FSR2L
000048 0012           00336         RETURN  
                      00337 
                      00338 ; ; Starting pCode block
                      00339 S_usb_ep__USB_EP2_transmission  code
000000                00340 _USB_EP2_transmission:
                      00341         .line   96; usb_ep.c    void USB_EP2_transmission(void)
000000 CFD9 FFE5      00342         MOVFF   FSR2L, POSTDEC1
000004 CFE1 FFD9      00343         MOVFF   FSR1L, FSR2L
                      00344         .line   100; usb_ep.c   }
000008 CFE4 FFD9      00345         MOVFF   PREINC1, FSR2L
00000C 0012           00346         RETURN  
                      00347 
                      00348 ; ; Starting pCode block
                      00349 S_usb_ep__USB_EP2_send  code
000000                00350 _USB_EP2_send:
                      00351         .line   68; usb_ep.c    void USB_EP2_send(char *src)
000000 CFD9 FFE5      00352         MOVFF   FSR2L, POSTDEC1
000004 CFE1 FFD9      00353         MOVFF   FSR1L, FSR2L
000008 C??? F???      00354         MOVFF   r0x00, POSTDEC1
00000C C??? F???      00355         MOVFF   r0x01, POSTDEC1
000010 C??? F???      00356         MOVFF   r0x02, POSTDEC1
000014 C??? F???      00357         MOVFF   r0x03, POSTDEC1
000018 C??? F???      00358         MOVFF   r0x04, POSTDEC1
00001C C??? F???      00359         MOVFF   r0x05, POSTDEC1
000020 C??? F???      00360         MOVFF   r0x06, POSTDEC1
000024 C??? F???      00361         MOVFF   r0x07, POSTDEC1
000028 C??? F???      00362         MOVFF   r0x08, POSTDEC1
00002C C??? F???      00363         MOVFF   r0x09, POSTDEC1
000030 C??? F???      00364         MOVFF   r0x0a, POSTDEC1
000034 C??? F???      00365         MOVFF   r0x0b, POSTDEC1
000038 0E02           00366         MOVLW   0x02
00003A CFDB F000      00367         MOVFF   PLUSW2, r0x00
gpasm-1.4.0 #1107 (Feb 13 2015)    usb_ep.asm   4-21-2015  23:42:50         PAGE  8


LOC    OBJECT CODE    LINE  SOURCE TEXT
  VALUE

00003E 0E03           00368         MOVLW   0x03
000040 CFDB F000      00369         MOVFF   PLUSW2, r0x01
000044 0E04           00370         MOVLW   0x04
000046 CFDB F000      00371         MOVFF   PLUSW2, r0x02
                      00372         .line   71; usb_ep.c    unsigned char __near *dst = bdpnt->adr;
00004A C??? F???      00373         MOVFF   (_usb_bd + 22), r0x03
00004E C??? F???      00374         MOVFF   (_usb_bd + 23), r0x04
000052                00375 _00148_DS_:
                      00376         .line   76; usb_ep.c    while( *src != '\0' ) {
000052 C??? F???      00377         MOVFF   r0x00, FSR0L
000056 C??? F???      00378         MOVFF   r0x01, PRODL
00005A 50??           00379         MOVF    r0x02, W
00005C EC?? F0??      00380         CALL    __gptrget1
Message[1301]: Using default destination of 0 (Access Bank).
000060 6E??           00381         MOVWF   r0x05
000062 50??           00382         MOVF    r0x05, W
000064 B4D8           00383         BTFSC   STATUS, 2
000066 D???           00384         BRA     _00153_DS_
000068                00385 _00139_DS_:
000068 ????           00386         BANKSEL (_usb_bd + 20)
                      00387         .line   77; usb_ep.c    while ( bdpnt->statbits.UOWN ) ; // wait for it tobecame ours. (forever?
                            )
00006A BF??           00388         BTFSC   (_usb_bd + 20), 7, B
00006C D???           00389         BRA     _00139_DS_
                      00390         .line   80; usb_ep.c    for (i=0; i<EP2_BUFFER_SIZE; i++) {
00006E C??? F???      00391         MOVFF   r0x03, r0x05
000072 C??? F???      00392         MOVFF   r0x04, r0x06
000076 C??? F???      00393         MOVFF   r0x00, r0x07
00007A C??? F???      00394         MOVFF   r0x01, r0x08
00007E C??? F???      00395         MOVFF   r0x02, r0x09
Message[1301]: Using default destination of 0 (Access Bank).
000082 6A??           00396         CLRF    r0x0a
000084                00397 _00151_DS_:
                      00398         .line   81; usb_ep.c    *dst = *src;
000084 C??? F???      00399         MOVFF   r0x07, FSR0L
000088 C??? F???      00400         MOVFF   r0x08, PRODL
00008C 50??           00401         MOVF    r0x09, W
00008E EC?? F0??      00402         CALL    __gptrget1
Message[1301]: Using default destination of 0 (Access Bank).
000092 6E??           00403         MOVWF   r0x0b
000094 C??? F???      00404         MOVFF   r0x05, FSR0L
000098 C??? F???      00405         MOVFF   r0x06, FSR0H
00009C C??? F???      00406         MOVFF   r0x0b, INDF0
                      00407         .line   82; usb_ep.c    if ( *src == '\0' ) {
0000A0 C??? F???      00408         MOVFF   r0x07, FSR0L
0000A4 C??? F???      00409         MOVFF   r0x08, PRODL
0000A8 50??           00410         MOVF    r0x09, W
0000AA EC?? F0??      00411         CALL    __gptrget1
Message[1301]: Using default destination of 0 (Access Bank).
0000AE 6E??           00412         MOVWF   r0x0b
0000B0 50??           00413         MOVF    r0x0b, W
0000B2 E0??           00414         BZ      _00160_DS_
                      00415         .line   85; usb_ep.c    dst++;
gpasm-1.4.0 #1107 (Feb 13 2015)    usb_ep.asm   4-21-2015  23:42:50         PAGE  9


LOC    OBJECT CODE    LINE  SOURCE TEXT
  VALUE

0000B4 4A??           00416         INFSNZ  r0x05, F
0000B6 2A??           00417         INCF    r0x06, F
                      00418         .line   86; usb_ep.c    src++;
0000B8 2A??           00419         INCF    r0x07, F
0000BA E3??           00420         BNC     _00171_DS_
0000BC 4A??           00421         INFSNZ  r0x08, F
0000BE 2A??           00422         INCF    r0x09, F
0000C0                00423 _00171_DS_:
                      00424         .line   80; usb_ep.c    for (i=0; i<EP2_BUFFER_SIZE; i++) {
0000C0 2A??           00425         INCF    r0x0a, F
0000C2 0E40           00426         MOVLW   0x40
0000C4 5C??           00427         SUBWF   r0x0a, W
0000C6 E3??           00428         BNC     _00151_DS_
0000C8                00429 _00160_DS_:
0000C8 C??? F???      00430         MOVFF   r0x05, r0x03
0000CC C??? F???      00431         MOVFF   r0x06, r0x04
0000D0 C??? F???      00432         MOVFF   r0x07, r0x00
0000D4 C??? F???      00433         MOVFF   r0x08, r0x01
0000D8 C??? F???      00434         MOVFF   r0x09, r0x02
                      00435         .line   90; usb_ep.c    bdpnt->cnt = i;
0000DC 50??           00436         MOVF    r0x0a, W
0000DE ????           00437         BANKSEL (_usb_bd + 21)
0000E0 6F??           00438         MOVWF   (_usb_bd + 21), B
                      00439         .line   92; usb_ep.c    USB_BD_SET_STAT(bdpnt);
0000E2 0E40           00440         MOVLW   0x40
0000E4 ????           00441         BANKSEL (_usb_bd + 20)
0000E6 15??           00442         ANDWF   (_usb_bd + 20), W, B
Message[1301]: Using default destination of 0 (Access Bank).
0000E8 6E??           00443         MOVWF   r0x05
0000EA 7C??           00444         BTG     r0x05, 6
0000EC 0E88           00445         MOVLW   0x88
0000EE 12??           00446         IORWF   r0x05, F
0000F0 50??           00447         MOVF    r0x05, W
0000F2 ????           00448         BANKSEL (_usb_bd + 20)
0000F4 6F??           00449         MOVWF   (_usb_bd + 20), B
0000F6 D???           00450         BRA     _00148_DS_
0000F8                00451 _00153_DS_:
0000F8 CFE4 F000      00452         MOVFF   PREINC1, r0x0b
0000FC CFE4 F000      00453         MOVFF   PREINC1, r0x0a
000100 CFE4 F000      00454         MOVFF   PREINC1, r0x09
000104 CFE4 F000      00455         MOVFF   PREINC1, r0x08
000108 CFE4 F000      00456         MOVFF   PREINC1, r0x07
00010C CFE4 F000      00457         MOVFF   PREINC1, r0x06
000110 CFE4 F000      00458         MOVFF   PREINC1, r0x05
000114 CFE4 F000      00459         MOVFF   PREINC1, r0x04
000118 CFE4 F000      00460         MOVFF   PREINC1, r0x03
00011C CFE4 F000      00461         MOVFF   PREINC1, r0x02
000120 CFE4 F000      00462         MOVFF   PREINC1, r0x01
000124 CFE4 F000      00463         MOVFF   PREINC1, r0x00
000128 CFE4 FFD9      00464         MOVFF   PREINC1, FSR2L
00012C 0012           00465         RETURN  
                      00466 
                      00467 ; ; Starting pCode block
gpasm-1.4.0 #1107 (Feb 13 2015)    usb_ep.asm   4-21-2015  23:42:50         PAGE 10


LOC    OBJECT CODE    LINE  SOURCE TEXT
  VALUE

                      00468 S_usb_ep__USB_EP2_init  code
000000                00469 _USB_EP2_init:
                      00470         .line   53; usb_ep.c    void USB_EP2_init(void)
000000 CFD9 FFE5      00471         MOVFF   FSR2L, POSTDEC1
000004 CFE1 FFD9      00472         MOVFF   FSR1L, FSR2L
000008 C??? F???      00473         MOVFF   r0x00, POSTDEC1
00000C C??? F???      00474         MOVFF   r0x01, POSTDEC1
000010 C??? F???      00475         MOVFF   r0x02, POSTDEC1
                      00476         .line   57; usb_ep.c    for (i=0; i<sizeof(USB_EP2_buffer); i++)
Message[1301]: Using default destination of 0 (Access Bank).
000014 6A??           00477         CLRF    r0x00
000016                00478 _00123_DS_:
                      00479         .line   58; usb_ep.c    ((unsigned char *)USB_EP2_buffer)[i] = 0;
000016 0E??           00480         MOVLW   LOW(_USB_EP2_buffer)
Message[1301]: Using default destination of 0 (Access Bank).
000018 6E??           00481         MOVWF   r0x01
00001A 0E??           00482         MOVLW   HIGH(_USB_EP2_buffer)
Message[1301]: Using default destination of 0 (Access Bank).
00001C 6E??           00483         MOVWF   r0x02
00001E 50??           00484         MOVF    r0x00, W
000020 26??           00485         ADDWF   r0x01, F
Message[1301]: Using default destination of 0 (Access Bank).
000022 6AE8           00486         CLRF    WREG
000024 22??           00487         ADDWFC  r0x02, F
000026 C??? F???      00488         MOVFF   r0x01, FSR0L
00002A C??? F???      00489         MOVFF   r0x02, FSR0H
00002E 0E00           00490         MOVLW   0x00
Message[1301]: Using default destination of 0 (Access Bank).
000030 6EEF           00491         MOVWF   INDF0
                      00492         .line   57; usb_ep.c    for (i=0; i<sizeof(USB_EP2_buffer); i++)
000032 2A??           00493         INCF    r0x00, F
000034 0E40           00494         MOVLW   0x40
000036 5C??           00495         SUBWF   r0x00, W
000038 E3??           00496         BNC     _00123_DS_
                      00497         .line   61; usb_ep.c    bdpnt->adr = USB_EP2_buffer[0];
00003A 0E??           00498         MOVLW   LOW(_USB_EP2_buffer)
00003C ????           00499         BANKSEL (_usb_bd + 22)
00003E 6F??           00500         MOVWF   (_usb_bd + 22), B
000040 0E??           00501         MOVLW   HIGH(_USB_EP2_buffer)
000042 ????           00502         BANKSEL (_usb_bd + 23)
000044 6F??           00503         MOVWF   (_usb_bd + 23), B
000046 ????           00504         BANKSEL (_usb_bd + 21)
                      00505         .line   62; usb_ep.c    bdpnt->cnt = 0;
000048 6B??           00506         CLRF    (_usb_bd + 21), B
                      00507         .line   63; usb_ep.c    bdpnt->stat = BD_STAT_UCPU | BD_STAT_DATA0 | BD_STAT_DTSEN;
00004A 0E08           00508         MOVLW   0x08
00004C ????           00509         BANKSEL (_usb_bd + 20)
00004E 6F??           00510         MOVWF   (_usb_bd + 20), B
                      00511         .line   65; usb_ep.c    UEP2 = UEP_EPHSHK | UEP_EPINEN;
000050 0E12           00512         MOVLW   0x12
Message[1301]: Using default destination of 0 (Access Bank).
000052 6E??           00513         MOVWF   _UEP2
000054 CFE4 F000      00514         MOVFF   PREINC1, r0x02
gpasm-1.4.0 #1107 (Feb 13 2015)    usb_ep.asm   4-21-2015  23:42:50         PAGE 11


LOC    OBJECT CODE    LINE  SOURCE TEXT
  VALUE

000058 CFE4 F000      00515         MOVFF   PREINC1, r0x01
00005C CFE4 F000      00516         MOVFF   PREINC1, r0x00
000060 CFE4 FFD9      00517         MOVFF   PREINC1, FSR2L
000064 0012           00518         RETURN  
                      00519 
                      00520 ; ; Starting pCode block
                      00521 S_usb_ep__USB_EP1_init  code
000000                00522 _USB_EP1_init:
                      00523         .line   37; usb_ep.c    void USB_EP1_init(void)
000000 CFD9 FFE5      00524         MOVFF   FSR2L, POSTDEC1
000004 CFE1 FFD9      00525         MOVFF   FSR1L, FSR2L
000008 C??? F???      00526         MOVFF   r0x00, POSTDEC1
00000C C??? F???      00527         MOVFF   r0x01, POSTDEC1
000010 C??? F???      00528         MOVFF   r0x02, POSTDEC1
                      00529         .line   41; usb_ep.c    for (i=0; i<sizeof(USB_EP1_buffer); i++)
Message[1301]: Using default destination of 0 (Access Bank).
000014 6A??           00530         CLRF    r0x00
000016                00531 _00106_DS_:
                      00532         .line   42; usb_ep.c    ((unsigned char *)USB_EP1_buffer)[i] = 0;
000016 0E??           00533         MOVLW   LOW(_USB_EP1_buffer)
Message[1301]: Using default destination of 0 (Access Bank).
000018 6E??           00534         MOVWF   r0x01
00001A 0E??           00535         MOVLW   HIGH(_USB_EP1_buffer)
Message[1301]: Using default destination of 0 (Access Bank).
00001C 6E??           00536         MOVWF   r0x02
00001E 50??           00537         MOVF    r0x00, W
000020 26??           00538         ADDWF   r0x01, F
Message[1301]: Using default destination of 0 (Access Bank).
000022 6AE8           00539         CLRF    WREG
000024 22??           00540         ADDWFC  r0x02, F
000026 C??? F???      00541         MOVFF   r0x01, FSR0L
00002A C??? F???      00542         MOVFF   r0x02, FSR0H
00002E 0E00           00543         MOVLW   0x00
Message[1301]: Using default destination of 0 (Access Bank).
000030 6EEF           00544         MOVWF   INDF0
                      00545         .line   41; usb_ep.c    for (i=0; i<sizeof(USB_EP1_buffer); i++)
000032 2A??           00546         INCF    r0x00, F
000034 0E40           00547         MOVLW   0x40
000036 5C??           00548         SUBWF   r0x00, W
000038 E3??           00549         BNC     _00106_DS_
                      00550         .line   45; usb_ep.c    bdpnt->cnt = EP1_BUFFER_SIZE;
00003A 0E40           00551         MOVLW   0x40
00003C ????           00552         BANKSEL (_usb_bd + 9)
00003E 6F??           00553         MOVWF   (_usb_bd + 9), B
                      00554         .line   46; usb_ep.c    bdpnt->adr = USB_EP1_buffer[0];
000040 0E??           00555         MOVLW   LOW(_USB_EP1_buffer)
000042 ????           00556         BANKSEL (_usb_bd + 10)
000044 6F??           00557         MOVWF   (_usb_bd + 10), B
000046 0E??           00558         MOVLW   HIGH(_USB_EP1_buffer)
000048 ????           00559         BANKSEL (_usb_bd + 11)
00004A 6F??           00560         MOVWF   (_usb_bd + 11), B
                      00561         .line   47; usb_ep.c    bdpnt->stat = BD_STAT_USIE | BD_STAT_DATA0 | BD_STAT_DTSEN;
00004C 0E88           00562         MOVLW   0x88
gpasm-1.4.0 #1107 (Feb 13 2015)    usb_ep.asm   4-21-2015  23:42:50         PAGE 12


LOC    OBJECT CODE    LINE  SOURCE TEXT
  VALUE

00004E ????           00563         BANKSEL (_usb_bd + 8)
000050 6F??           00564         MOVWF   (_usb_bd + 8), B
                      00565         .line   49; usb_ep.c    UEP1 = UEP_EPHSHK | UEP_EPOUTEN;
000052 0E14           00566         MOVLW   0x14
Message[1301]: Using default destination of 0 (Access Bank).
000054 6E??           00567         MOVWF   _UEP1
000056 CFE4 F000      00568         MOVFF   PREINC1, r0x02
00005A CFE4 F000      00569         MOVFF   PREINC1, r0x01
00005E CFE4 F000      00570         MOVFF   PREINC1, r0x00
000062 CFE4 FFD9      00571         MOVFF   PREINC1, FSR2L
000066 0012           00572         RETURN  
                      00573 
                      00574 
                      00575 
                      00576 ; Statistics:
                      00577 ; code size:      596 (0x0254) bytes ( 0.45%)
                      00578 ;                 298 (0x012a) words
                      00579 ; udata size:     128 (0x0080) bytes ( 7.14%)
                      00580 ; access size:     12 (0x000c) bytes
                      00581 
                      00582 
                      00583         end
gpasm-1.4.0 #1107 (Feb 13 2015)    usb_ep.asm   4-21-2015  23:42:50         PAGE 13


SYMBOL TABLE
  LABEL                             VALUE

FSR0H                             00000FEA
FSR0L                             00000FE9
FSR1L                             00000FE1
FSR2L                             00000FD9
INDF0                             00000FEF
PLUSW2                            00000FDB
POSTDEC1                          00000FE5
PREINC1                           00000FE4
PRODL                             00000FF3
STATUS                            00000FD8
WREG                              00000FE8
_00106_DS_                        00000016
_00123_DS_                        00000016
_00139_DS_                        00000068
_00148_DS_                        00000052
_00151_DS_                        00000084
_00153_DS_                        000000F8
_00160_DS_                        000000C8
_00171_DS_                        000000C0
_ADCON0                           00000000
_ADCON0bits                       00000000
_ADCON1                           00000000
_ADCON1bits                       00000000
_ADCON2                           00000000
_ADCON2bits                       00000000
_ADRES                            00000000
_ADRESH                           00000000
_ADRESL                           00000000
_BAUDCON                          00000000
_BAUDCONbits                      00000000
_BAUDCTL                          00000000
_BAUDCTLbits                      00000000
_BSR                              00000000
_CCP1AS                           00000000
_CCP1ASbits                       00000000
_CCP1CON                          00000000
_CCP1CONbits                      00000000
_CCP1DEL                          00000000
_CCP1DELbits                      00000000
_CCP2CON                          00000000
_CCP2CONbits                      00000000
_CCPR1                            00000000
_CCPR1H                           00000000
_CCPR1L                           00000000
_CCPR2                            00000000
_CCPR2H                           00000000
_CCPR2L                           00000000
_CMCON                            00000000
_CMCONbits                        00000000
_CVRCON                           00000000
_CVRCONbits                       00000000
_DDRA                             00000000
_DDRAbits                         00000000
gpasm-1.4.0 #1107 (Feb 13 2015)    usb_ep.asm   4-21-2015  23:42:50         PAGE 14


SYMBOL TABLE
  LABEL                             VALUE 

_DDRB                             00000000
_DDRBbits                         00000000
_DDRC                             00000000
_DDRCbits                         00000000
_ECCP1AS                          00000000
_ECCP1ASbits                      00000000
_ECCP1DEL                         00000000
_ECCP1DELbits                     00000000
_EEADR                            00000000
_EECON1                           00000000
_EECON1bits                       00000000
_EECON2                           00000000
_EEDATA                           00000000
_FSR0H                            00000000
_FSR0L                            00000000
_FSR1H                            00000000
_FSR1L                            00000000
_FSR2H                            00000000
_FSR2L                            00000000
_HLVDCON                          00000000
_HLVDCONbits                      00000000
_INDF0                            00000000
_INDF1                            00000000
_INDF2                            00000000
_INTCON                           00000000
_INTCON2                          00000000
_INTCON2bits                      00000000
_INTCON3                          00000000
_INTCON3bits                      00000000
_INTCONbits                       00000000
_IPR1                             00000000
_IPR1bits                         00000000
_IPR2                             00000000
_IPR2bits                         00000000
_LATA                             00000000
_LATAbits                         00000000
_LATB                             00000000
_LATBbits                         00000000
_LATC                             00000000
_LATCbits                         00000000
_LVDCON                           00000000
_LVDCONbits                       00000000
_OSCCON                           00000000
_OSCCONbits                       00000000
_OSCTUNE                          00000000
_OSCTUNEbits                      00000000
_PC                               00000000
_PCL                              00000000
_PCLATH                           00000000
_PCLATU                           00000000
_PIE1                             00000000
_PIE1bits                         00000000
_PIE2                             00000000
gpasm-1.4.0 #1107 (Feb 13 2015)    usb_ep.asm   4-21-2015  23:42:50         PAGE 15


SYMBOL TABLE
  LABEL                             VALUE 

_PIE2bits                         00000000
_PIR1                             00000000
_PIR1bits                         00000000
_PIR2                             00000000
_PIR2bits                         00000000
_PLUSW0                           00000000
_PLUSW1                           00000000
_PLUSW2                           00000000
_PORTA                            00000000
_PORTAbits                        00000000
_PORTB                            00000000
_PORTBbits                        00000000
_PORTC                            00000000
_PORTCbits                        00000000
_PORTE                            00000000
_PORTEbits                        00000000
_POSTDEC0                         00000000
_POSTDEC1                         00000000
_POSTDEC2                         00000000
_POSTINC0                         00000000
_POSTINC1                         00000000
_POSTINC2                         00000000
_PR2                              00000000
_PREINC0                          00000000
_PREINC1                          00000000
_PREINC2                          00000000
_PROD                             00000000
_PRODH                            00000000
_PRODL                            00000000
_RCON                             00000000
_RCONbits                         00000000
_RCREG                            00000000
_RCSTA                            00000000
_RCSTAbits                        00000000
_SPBRG                            00000000
_SPBRGH                           00000000
_SSPADD                           00000000
_SSPBUF                           00000000
_SSPCON1                          00000000
_SSPCON1bits                      00000000
_SSPCON2                          00000000
_SSPCON2bits                      00000000
_SSPSTAT                          00000000
_SSPSTATbits                      00000000
_STATUS                           00000000
_STATUSbits                       00000000
_STKPTR                           00000000
_STKPTRbits                       00000000
_T0CON                            00000000
_T0CONbits                        00000000
_T1CON                            00000000
_T1CONbits                        00000000
_T2CON                            00000000
gpasm-1.4.0 #1107 (Feb 13 2015)    usb_ep.asm   4-21-2015  23:42:50         PAGE 16


SYMBOL TABLE
  LABEL                             VALUE 

_T2CONbits                        00000000
_T3CON                            00000000
_T3CONbits                        00000000
_TABLAT                           00000000
_TBLPTR                           00000000
_TBLPTRH                          00000000
_TBLPTRL                          00000000
_TBLPTRU                          00000000
_TMR0                             00000000
_TMR0H                            00000000
_TMR0L                            00000000
_TMR1                             00000000
_TMR1H                            00000000
_TMR1L                            00000000
_TMR2                             00000000
_TMR3                             00000000
_TMR3H                            00000000
_TMR3L                            00000000
_TOS                              00000000
_TOSH                             00000000
_TOSL                             00000000
_TOSU                             00000000
_TRISA                            00000000
_TRISAbits                        00000000
_TRISB                            00000000
_TRISBbits                        00000000
_TRISC                            00000000
_TRISCbits                        00000000
_TXREG                            00000000
_TXSTA                            00000000
_TXSTAbits                        00000000
_UADDR                            00000000
_UADDRbits                        00000000
_UCFG                             00000000
_UCFGbits                         00000000
_UCON                             00000000
_UCONbits                         00000000
_UEIE                             00000000
_UEIEbits                         00000000
_UEIR                             00000000
_UEIRbits                         00000000
_UEP0                             00000000
_UEP0bits                         00000000
_UEP1                             00000000
_UEP10                            00000000
_UEP10bits                        00000000
_UEP11                            00000000
_UEP11bits                        00000000
_UEP12                            00000000
_UEP12bits                        00000000
_UEP13                            00000000
_UEP13bits                        00000000
_UEP14                            00000000
gpasm-1.4.0 #1107 (Feb 13 2015)    usb_ep.asm   4-21-2015  23:42:50         PAGE 17


SYMBOL TABLE
  LABEL                             VALUE 

_UEP14bits                        00000000
_UEP15                            00000000
_UEP15bits                        00000000
_UEP1bits                         00000000
_UEP2                             00000000
_UEP2bits                         00000000
_UEP3                             00000000
_UEP3bits                         00000000
_UEP4                             00000000
_UEP4bits                         00000000
_UEP5                             00000000
_UEP5bits                         00000000
_UEP6                             00000000
_UEP6bits                         00000000
_UEP7                             00000000
_UEP7bits                         00000000
_UEP8                             00000000
_UEP8bits                         00000000
_UEP9                             00000000
_UEP9bits                         00000000
_UFRM                             00000000
_UFRMH                            00000000
_UFRMHbits                        00000000
_UFRML                            00000000
_UFRMLbits                        00000000
_UIE                              00000000
_UIEbits                          00000000
_UIR                              00000000
_UIRbits                          00000000
_USB_EP1_buffer                   00000000
_USB_EP1_init                     00000000
_USB_EP1_transmission             00000000
_USB_EP2_buffer                   00000040
_USB_EP2_init                     00000000
_USB_EP2_send                     00000000
_USB_EP2_transmission             00000000
_USTAT                            00000000
_USTATbits                        00000000
_WDTCON                           00000000
_WDTCONbits                       00000000
_WREG                             00000000
__18F2550                         00000001
__ACC_RAM_LOW_END                 0000005F
__CODE_END                        00007FFF
__CODE_START                      00000000
__EEPROM_END                      00F000FF
__EEPROM_START                    00F00000
__VECTOR_INT_HIGH                 00000008
__VECTOR_INT_LOW                  00000018
__VECTOR_RESET                    00000000
__gptrget1                        00000000
_process                          00000000
_usb_bd                           00000000
gpasm-1.4.0 #1107 (Feb 13 2015)    usb_ep.asm   4-21-2015  23:42:50         PAGE 18


SYMBOL TABLE
  LABEL                             VALUE 

_usb_ustat                        00000000
r0x00                             00000000
r0x01                             00000001
r0x02                             00000002
r0x03                             00000003
r0x04                             00000004
r0x05                             00000005
r0x06                             00000006
r0x07                             00000007
r0x08                             00000008
r0x09                             00000009
r0x0a                             0000000A
r0x0b                             0000000B

Errors   :     0
Warnings :     0 reported,     0 suppressed
Messages :    21 reported,     0 suppressed

