gpasm-1.4.0 #1107 (Feb 13 2015)      main.asm   4-21-2015  23:49:48         PAGE  1


LOC    OBJECT CODE    LINE  SOURCE TEXT
  VALUE

                      00001 ;--------------------------------------------------------
                      00002 ; File Created by SDCC : free open source ANSI-C Compiler
                      00003 ; Version 3.4.0 #8981 (May 19 2014) (Linux)
                      00004 ; This file was generated Tue Apr 21 23:49:48 2015
                      00005 ;--------------------------------------------------------
                      00006 ; PIC16 port for the Microchip 16-bit core micros
                      00007 ;--------------------------------------------------------
                      00008 
                      00009         .ident "SDCC version 3.4.0 #8981 [pic16 port]"
                      00010         .file   "main.c"
                      00011         list    p=18f2550
                      00012         radix   dec
                      00013         CONFIG  PLLDIV=5
                      00014         CONFIG  CPUDIV=OSC1_PLL2
                      00015         CONFIG  USBDIV=2
                      00016         CONFIG  FOSC=HSPLL_HS
                      00017         CONFIG  IESO=ON,PWRT=ON,BOR=ON,BORV=3,VREGEN=ON,WDT=OFF,WDTPS=32768,MCLRE=ON,LPT1OSC=OFF,PBADEN=
                            OFF,CCP2MX=OFF,STVREN=ON,LVP=OFF,XINST=OFF,DEBUG=OFF,CP0=OFF,CP1=OFF,CP2=OFF,CP3=OFF,CPB=OFF,CPD=OFF,WRT
                            0=OFF,WRT1=OFF,WRT2=OFF,WRT3=OFF,WRTB=OFF,WRTC=OFF,WRTD=OFF,EBTR0=OFF,EBTR1=OFF,EBTR2=OFF,EBTR3=OFF,EBTR
                            B=OFF
                      00018 
                      00019 
                      00020 ;--------------------------------------------------------
                      00021 ; public variables in this module
                      00022 ;--------------------------------------------------------
  0000                00023         global  _serial_init
  0000                00024         global  _main
Error[113]  : Symbol not previously defined: "_USB_init_in_configured_state"
  0000                00025         global  _USB_init_in_configured_state
                      00026 
                      00027 ;--------------------------------------------------------
                      00028 ; extern variables in this module
                      00029 ;--------------------------------------------------------
  0000                00030         extern  _UFRMLbits
  0000                00031         extern  _UFRMHbits
  0000                00032         extern  _UIRbits
  0000                00033         extern  _UIEbits
  0000                00034         extern  _UEIRbits
  0000                00035         extern  _UEIEbits
  0000                00036         extern  _USTATbits
  0000                00037         extern  _UCONbits
  0000                00038         extern  _UADDRbits
  0000                00039         extern  _UCFGbits
  0000                00040         extern  _UEP0bits
  0000                00041         extern  _UEP1bits
  0000                00042         extern  _UEP2bits
  0000                00043         extern  _UEP3bits
  0000                00044         extern  _UEP4bits
  0000                00045         extern  _UEP5bits
  0000                00046         extern  _UEP6bits
  0000                00047         extern  _UEP7bits
  0000                00048         extern  _UEP8bits
  0000                00049         extern  _UEP9bits
gpasm-1.4.0 #1107 (Feb 13 2015)      main.asm   4-21-2015  23:49:48         PAGE  2


LOC    OBJECT CODE    LINE  SOURCE TEXT
  VALUE

  0000                00050         extern  _UEP10bits
  0000                00051         extern  _UEP11bits
  0000                00052         extern  _UEP12bits
  0000                00053         extern  _UEP13bits
  0000                00054         extern  _UEP14bits
  0000                00055         extern  _UEP15bits
  0000                00056         extern  _PORTAbits
  0000                00057         extern  _PORTBbits
  0000                00058         extern  _PORTCbits
  0000                00059         extern  _PORTEbits
  0000                00060         extern  _LATAbits
  0000                00061         extern  _LATBbits
  0000                00062         extern  _LATCbits
  0000                00063         extern  _DDRAbits
  0000                00064         extern  _TRISAbits
  0000                00065         extern  _DDRBbits
  0000                00066         extern  _TRISBbits
  0000                00067         extern  _DDRCbits
  0000                00068         extern  _TRISCbits
  0000                00069         extern  _OSCTUNEbits
  0000                00070         extern  _PIE1bits
  0000                00071         extern  _PIR1bits
  0000                00072         extern  _IPR1bits
  0000                00073         extern  _PIE2bits
  0000                00074         extern  _PIR2bits
  0000                00075         extern  _IPR2bits
  0000                00076         extern  _EECON1bits
  0000                00077         extern  _RCSTAbits
  0000                00078         extern  _TXSTAbits
  0000                00079         extern  _T3CONbits
  0000                00080         extern  _CMCONbits
  0000                00081         extern  _CVRCONbits
  0000                00082         extern  _CCP1ASbits
  0000                00083         extern  _ECCP1ASbits
  0000                00084         extern  _CCP1DELbits
  0000                00085         extern  _ECCP1DELbits
  0000                00086         extern  _BAUDCONbits
  0000                00087         extern  _BAUDCTLbits
  0000                00088         extern  _CCP2CONbits
  0000                00089         extern  _CCP1CONbits
  0000                00090         extern  _ADCON2bits
  0000                00091         extern  _ADCON1bits
  0000                00092         extern  _ADCON0bits
  0000                00093         extern  _SSPCON2bits
  0000                00094         extern  _SSPCON1bits
  0000                00095         extern  _SSPSTATbits
  0000                00096         extern  _T2CONbits
  0000                00097         extern  _T1CONbits
  0000                00098         extern  _RCONbits
  0000                00099         extern  _WDTCONbits
  0000                00100         extern  _HLVDCONbits
  0000                00101         extern  _LVDCONbits
  0000                00102         extern  _OSCCONbits
gpasm-1.4.0 #1107 (Feb 13 2015)      main.asm   4-21-2015  23:49:48         PAGE  3


LOC    OBJECT CODE    LINE  SOURCE TEXT
  VALUE

  0000                00103         extern  _T0CONbits
  0000                00104         extern  _STATUSbits
  0000                00105         extern  _INTCON3bits
  0000                00106         extern  _INTCON2bits
  0000                00107         extern  _INTCONbits
  0000                00108         extern  _STKPTRbits
  0000                00109         extern  _UFRM
  0000                00110         extern  _UFRML
  0000                00111         extern  _UFRMH
  0000                00112         extern  _UIR
  0000                00113         extern  _UIE
  0000                00114         extern  _UEIR
  0000                00115         extern  _UEIE
  0000                00116         extern  _USTAT
  0000                00117         extern  _UCON
  0000                00118         extern  _UADDR
  0000                00119         extern  _UCFG
  0000                00120         extern  _UEP0
  0000                00121         extern  _UEP1
  0000                00122         extern  _UEP2
  0000                00123         extern  _UEP3
  0000                00124         extern  _UEP4
  0000                00125         extern  _UEP5
  0000                00126         extern  _UEP6
  0000                00127         extern  _UEP7
  0000                00128         extern  _UEP8
  0000                00129         extern  _UEP9
  0000                00130         extern  _UEP10
  0000                00131         extern  _UEP11
  0000                00132         extern  _UEP12
  0000                00133         extern  _UEP13
  0000                00134         extern  _UEP14
  0000                00135         extern  _UEP15
  0000                00136         extern  _PORTA
  0000                00137         extern  _PORTB
  0000                00138         extern  _PORTC
  0000                00139         extern  _PORTE
  0000                00140         extern  _LATA
  0000                00141         extern  _LATB
  0000                00142         extern  _LATC
  0000                00143         extern  _DDRA
  0000                00144         extern  _TRISA
  0000                00145         extern  _DDRB
  0000                00146         extern  _TRISB
  0000                00147         extern  _DDRC
  0000                00148         extern  _TRISC
  0000                00149         extern  _OSCTUNE
  0000                00150         extern  _PIE1
  0000                00151         extern  _PIR1
  0000                00152         extern  _IPR1
  0000                00153         extern  _PIE2
  0000                00154         extern  _PIR2
  0000                00155         extern  _IPR2
gpasm-1.4.0 #1107 (Feb 13 2015)      main.asm   4-21-2015  23:49:48         PAGE  4


LOC    OBJECT CODE    LINE  SOURCE TEXT
  VALUE

  0000                00156         extern  _EECON1
  0000                00157         extern  _EECON2
  0000                00158         extern  _EEDATA
  0000                00159         extern  _EEADR
  0000                00160         extern  _RCSTA
  0000                00161         extern  _TXSTA
  0000                00162         extern  _TXREG
  0000                00163         extern  _RCREG
  0000                00164         extern  _SPBRG
  0000                00165         extern  _SPBRGH
  0000                00166         extern  _T3CON
  0000                00167         extern  _TMR3
  0000                00168         extern  _TMR3L
  0000                00169         extern  _TMR3H
  0000                00170         extern  _CMCON
  0000                00171         extern  _CVRCON
  0000                00172         extern  _CCP1AS
  0000                00173         extern  _ECCP1AS
  0000                00174         extern  _CCP1DEL
  0000                00175         extern  _ECCP1DEL
  0000                00176         extern  _BAUDCON
  0000                00177         extern  _BAUDCTL
  0000                00178         extern  _CCP2CON
  0000                00179         extern  _CCPR2
  0000                00180         extern  _CCPR2L
  0000                00181         extern  _CCPR2H
  0000                00182         extern  _CCP1CON
  0000                00183         extern  _CCPR1
  0000                00184         extern  _CCPR1L
  0000                00185         extern  _CCPR1H
  0000                00186         extern  _ADCON2
  0000                00187         extern  _ADCON1
  0000                00188         extern  _ADCON0
  0000                00189         extern  _ADRES
  0000                00190         extern  _ADRESL
  0000                00191         extern  _ADRESH
  0000                00192         extern  _SSPCON2
  0000                00193         extern  _SSPCON1
  0000                00194         extern  _SSPSTAT
  0000                00195         extern  _SSPADD
  0000                00196         extern  _SSPBUF
  0000                00197         extern  _T2CON
  0000                00198         extern  _PR2
  0000                00199         extern  _TMR2
  0000                00200         extern  _T1CON
  0000                00201         extern  _TMR1
  0000                00202         extern  _TMR1L
  0000                00203         extern  _TMR1H
  0000                00204         extern  _RCON
  0000                00205         extern  _WDTCON
  0000                00206         extern  _HLVDCON
  0000                00207         extern  _LVDCON
  0000                00208         extern  _OSCCON
gpasm-1.4.0 #1107 (Feb 13 2015)      main.asm   4-21-2015  23:49:48         PAGE  5


LOC    OBJECT CODE    LINE  SOURCE TEXT
  VALUE

  0000                00209         extern  _T0CON
  0000                00210         extern  _TMR0
  0000                00211         extern  _TMR0L
  0000                00212         extern  _TMR0H
  0000                00213         extern  _STATUS
  0000                00214         extern  _FSR2L
  0000                00215         extern  _FSR2H
  0000                00216         extern  _PLUSW2
  0000                00217         extern  _PREINC2
  0000                00218         extern  _POSTDEC2
  0000                00219         extern  _POSTINC2
  0000                00220         extern  _INDF2
  0000                00221         extern  _BSR
  0000                00222         extern  _FSR1L
  0000                00223         extern  _FSR1H
  0000                00224         extern  _PLUSW1
  0000                00225         extern  _PREINC1
  0000                00226         extern  _POSTDEC1
  0000                00227         extern  _POSTINC1
  0000                00228         extern  _INDF1
  0000                00229         extern  _WREG
  0000                00230         extern  _FSR0L
  0000                00231         extern  _FSR0H
  0000                00232         extern  _PLUSW0
  0000                00233         extern  _PREINC0
  0000                00234         extern  _POSTDEC0
  0000                00235         extern  _POSTINC0
  0000                00236         extern  _INDF0
  0000                00237         extern  _INTCON3
  0000                00238         extern  _INTCON2
  0000                00239         extern  _INTCON
  0000                00240         extern  _PROD
  0000                00241         extern  _PRODL
  0000                00242         extern  _PRODH
  0000                00243         extern  _TABLAT
  0000                00244         extern  _TBLPTR
  0000                00245         extern  _TBLPTRL
  0000                00246         extern  _TBLPTRH
  0000                00247         extern  _TBLPTRU
  0000                00248         extern  _PC
  0000                00249         extern  _PCL
  0000                00250         extern  _PCLATH
  0000                00251         extern  _PCLATU
  0000                00252         extern  _STKPTR
  0000                00253         extern  _TOS
  0000                00254         extern  _TOSL
  0000                00255         extern  _TOSH
  0000                00256         extern  _TOSU
  0000                00257         extern  _USB_service
  0000                00258         extern  _usart_open
                      00259 
                      00260 ;--------------------------------------------------------
                      00261 ;       Equates to used internal registers
gpasm-1.4.0 #1107 (Feb 13 2015)      main.asm   4-21-2015  23:49:48         PAGE  6


LOC    OBJECT CODE    LINE  SOURCE TEXT
  VALUE

                      00262 ;--------------------------------------------------------
  00000FD8            00263 STATUS  equ     0xfd8
  00000FFA            00264 PCLATH  equ     0xffa
  00000FFB            00265 PCLATU  equ     0xffb
  00000FE0            00266 BSR     equ     0xfe0
  00000FE9            00267 FSR0L   equ     0xfe9
  00000FEA            00268 FSR0H   equ     0xfea
  00000FE1            00269 FSR1L   equ     0xfe1
  00000FD9            00270 FSR2L   equ     0xfd9
  00000FE6            00271 POSTINC1        equ     0xfe6
  00000FE5            00272 POSTDEC1        equ     0xfe5
  00000FE4            00273 PREINC1 equ     0xfe4
  00000FF3            00274 PRODL   equ     0xff3
  00000FF4            00275 PRODH   equ     0xff4
                      00276 
                      00277 
                      00278 ; Internal registers
                      00279 .registers      udata_ovr       0x0000
000000                00280 r0x00   res     1
                      00281 
                      00282 ;--------------------------------------------------------
                      00283 ; interrupt vector
                      00284 ;--------------------------------------------------------
                      00285 
                      00286 ;--------------------------------------------------------
                      00287 ; global & static initialisations
                      00288 ;--------------------------------------------------------
                      00289 ; ; Starting pCode block for absolute section
                      00290 ; ;-----------------------------------------
                      00291 S_main_ivec_0x1_high_interrupt  code    0X000008
000008                00292 ivec_0x1_high_interrupt:
000008 EF00 F000      00293         GOTO    _high_interrupt
                      00294 
                      00295 ; ; Starting pCode block for absolute section
                      00296 ; ;-----------------------------------------
                      00297 S_main_ivec_0x2_low_interrupt   code    0X000018
000018                00298 ivec_0x2_low_interrupt:
000018 EF00 F000      00299         GOTO    _low_interrupt
                      00300 
                      00301 ; I code from now on!
                      00302 ; ; Starting pCode block
                      00303 S_main__main    code
000000                00304 _main:
                      00305         .line   57; main.c      ADCON0=0x00; // turn off analog to digital conversion module
Message[1301]: Using default destination of 0 (Access Bank).
000000 6A??           00306         CLRF    _ADCON0
                      00307         .line   58; main.c      ADCON1=0x0f; // set all analog to digital conversion module inputs as di
                            gital inputs/outputs
000002 0E0F           00308         MOVLW   0x0f
Message[1301]: Using default destination of 0 (Access Bank).
000004 6E??           00309         MOVWF   _ADCON1
                      00310         .line   59; main.c      CMCON=0x07; // turn off comparator module
000006 0E07           00311         MOVLW   0x07
gpasm-1.4.0 #1107 (Feb 13 2015)      main.asm   4-21-2015  23:49:48         PAGE  7


LOC    OBJECT CODE    LINE  SOURCE TEXT
  VALUE

Message[1301]: Using default destination of 0 (Access Bank).
000008 6E??           00312         MOVWF   _CMCON
                      00313         .line   62; main.c      PORTA=0x00;
Message[1301]: Using default destination of 0 (Access Bank).
00000A 6A??           00314         CLRF    _PORTA
                      00315         .line   63; main.c      LATA=0x00;
Message[1301]: Using default destination of 0 (Access Bank).
00000C 6A??           00316         CLRF    _LATA
                      00317         .line   64; main.c      TRISA=0x00;
Message[1301]: Using default destination of 0 (Access Bank).
00000E 6A??           00318         CLRF    _TRISA
                      00319         .line   67; main.c      PORTB=0x00;
Message[1301]: Using default destination of 0 (Access Bank).
000010 6A??           00320         CLRF    _PORTB
                      00321         .line   68; main.c      LATB=0x00;
Message[1301]: Using default destination of 0 (Access Bank).
000012 6A??           00322         CLRF    _LATB
                      00323         .line   69; main.c      TRISB=0x00;
Message[1301]: Using default destination of 0 (Access Bank).
000014 6A??           00324         CLRF    _TRISB
                      00325         .line   72; main.c      PORTC=0x00;
Message[1301]: Using default destination of 0 (Access Bank).
000016 6A??           00326         CLRF    _PORTC
                      00327         .line   73; main.c      LATC=0x00;
Message[1301]: Using default destination of 0 (Access Bank).
000018 6A??           00328         CLRF    _LATC
                      00329         .line   74; main.c      TRISC=0x00;
Message[1301]: Using default destination of 0 (Access Bank).
00001A 6A??           00330         CLRF    _TRISC
                      00331         .line   98; main.c      serial_init();
00001C EC?? F0??      00332         CALL    _serial_init
                      00333         .line   100; main.c     USB_init_in_configured_state();
Error[113]  : Symbol not previously defined: "_USB_init_in_configured_state"
Error[113]  : Symbol not previously defined: "_USB_init_in_configured_state"
000020 EC00 F000      00334         CALL    _USB_init_in_configured_state
                      00335         .line   101; main.c     USB_interrupt_priority_high();
000024 8A??           00336         BSF     _IPR2bits, 5
                      00337         .line   102; main.c     USB_interrupt_enable();
000026 8A??           00338         BSF     _PIE2bits, 5
                      00339         .line   104; main.c     RCONbits.IPEN = 1; /* Enable priority levels on interrupts */
000028 8E??           00340         BSF     _RCONbits, 7
                      00341         .line   105; main.c     INTCONbits.GIEH = 1; /* Enables all high priority interrupts */
00002A 8E??           00342         BSF     _INTCONbits, 7
                      00343         .line   106; main.c     OSCCONbits.IDLEN = 1; /* Device enters Idle mode on SLEEP instruction (P
                            RI_IDLE mode) */
00002C 8E??           00344         BSF     _OSCCONbits, 7
00002E                00345 _00139_DS_:
00002E 0000           00346         NOP 
000030 D???           00347         BRA     _00139_DS_
000032 0012           00348         RETURN  
                      00349 
                      00350 ; ; Starting pCode block
                      00351 S_main__serial_init     code
gpasm-1.4.0 #1107 (Feb 13 2015)      main.asm   4-21-2015  23:49:48         PAGE  8


LOC    OBJECT CODE    LINE  SOURCE TEXT
  VALUE

000000                00352 _serial_init:
                      00353         .line   78; main.c      void serial_init()
000000 CFD9 FFE5      00354         MOVFF   FSR2L, POSTDEC1
000004 CFE1 FFD9      00355         MOVFF   FSR1L, FSR2L
000008 C??? F???      00356         MOVFF   r0x00, POSTDEC1
                      00357         .line   88; main.c      77
00000C 0E00           00358         MOVLW   0x00
Message[1301]: Using default destination of 0 (Access Bank).
00000E 6EE5           00359         MOVWF   POSTDEC1
000010 0E4D           00360         MOVLW   0x4d
Message[1301]: Using default destination of 0 (Access Bank).
000012 6EE5           00361         MOVWF   POSTDEC1
000014 0E2C           00362         MOVLW   0x2c
000016 EC?? F0??      00363         CALL    _usart_open
00001A 52E6           00364         MOVF    POSTINC1, F
00001C 52E6           00365         MOVF    POSTINC1, F
                      00366         .line   90; main.c      for(i=0xff;i;i--)
00001E 0EFF           00367         MOVLW   0xff
Message[1301]: Using default destination of 0 (Access Bank).
000020 6E??           00368         MOVWF   r0x00
000022                00369 _00124_DS_:
000022 0000           00370         NOP 
                      00371         .line   90; main.c      for(i=0xff;i;i--)
000024 2E??           00372         DECFSZ  r0x00, F
000026 D???           00373         BRA     _00124_DS_
000028 CFE4 F000      00374         MOVFF   PREINC1, r0x00
00002C CFE4 FFD9      00375         MOVFF   PREINC1, FSR2L
000030 0012           00376         RETURN  
                      00377 
                      00378 ; ; Starting pCode block
                      00379 S_main__ports_init      code
000000                00380 _ports_init:
                      00381         .line   53; main.c      __once void ports_init()
000000 CFD9 FFE5      00382         MOVFF   FSR2L, POSTDEC1
000004 CFE1 FFD9      00383         MOVFF   FSR1L, FSR2L
                      00384         .line   57; main.c      ADCON0=0x00; // turn off analog to digital conversion module
Message[1301]: Using default destination of 0 (Access Bank).
000008 6A??           00385         CLRF    _ADCON0
                      00386         .line   58; main.c      ADCON1=0x0f; // set all analog to digital conversion module inputs as di
                            gital inputs/outputs
00000A 0E0F           00387         MOVLW   0x0f
Message[1301]: Using default destination of 0 (Access Bank).
00000C 6E??           00388         MOVWF   _ADCON1
                      00389         .line   59; main.c      CMCON=0x07; // turn off comparator module
00000E 0E07           00390         MOVLW   0x07
Message[1301]: Using default destination of 0 (Access Bank).
000010 6E??           00391         MOVWF   _CMCON
                      00392         .line   62; main.c      PORTA=0x00;
Message[1301]: Using default destination of 0 (Access Bank).
000012 6A??           00393         CLRF    _PORTA
                      00394         .line   63; main.c      LATA=0x00;
Message[1301]: Using default destination of 0 (Access Bank).
000014 6A??           00395         CLRF    _LATA
gpasm-1.4.0 #1107 (Feb 13 2015)      main.asm   4-21-2015  23:49:48         PAGE  9


LOC    OBJECT CODE    LINE  SOURCE TEXT
  VALUE

                      00396         .line   64; main.c      TRISA=0x00;
Message[1301]: Using default destination of 0 (Access Bank).
000016 6A??           00397         CLRF    _TRISA
                      00398         .line   67; main.c      PORTB=0x00;
Message[1301]: Using default destination of 0 (Access Bank).
000018 6A??           00399         CLRF    _PORTB
                      00400         .line   68; main.c      LATB=0x00;
Message[1301]: Using default destination of 0 (Access Bank).
00001A 6A??           00401         CLRF    _LATB
                      00402         .line   69; main.c      TRISB=0x00;
Message[1301]: Using default destination of 0 (Access Bank).
00001C 6A??           00403         CLRF    _TRISB
                      00404         .line   72; main.c      PORTC=0x00;
Message[1301]: Using default destination of 0 (Access Bank).
00001E 6A??           00405         CLRF    _PORTC
                      00406         .line   73; main.c      LATC=0x00;
Message[1301]: Using default destination of 0 (Access Bank).
000020 6A??           00407         CLRF    _LATC
                      00408         .line   74; main.c      TRISC=0x00;
Message[1301]: Using default destination of 0 (Access Bank).
000022 6A??           00409         CLRF    _TRISC
000024 CFE4 FFD9      00410         MOVFF   PREINC1, FSR2L
000028 0012           00411         RETURN  
                      00412 
                      00413 ; ; Starting pCode block
                      00414 S_main__low_interrupt   code
000000                00415 _low_interrupt:
                      00416         .line   47; main.c      static void low_interrupt(void) __interrupt(2)
000000 CFD8 FFE5      00417         MOVFF   STATUS, POSTDEC1
000004 CFE0 FFE5      00418         MOVFF   BSR, POSTDEC1
Message[1301]: Using default destination of 0 (Access Bank).
000008 6EE5           00419         MOVWF   POSTDEC1
00000A CFF3 FFE5      00420         MOVFF   PRODL, POSTDEC1
00000E CFF4 FFE5      00421         MOVFF   PRODH, POSTDEC1
000012 CFE9 FFE5      00422         MOVFF   FSR0L, POSTDEC1
000016 CFEA FFE5      00423         MOVFF   FSR0H, POSTDEC1
00001A CFFA FFE5      00424         MOVFF   PCLATH, POSTDEC1
00001E CFFB FFE5      00425         MOVFF   PCLATU, POSTDEC1
000022 CFD9 FFE5      00426         MOVFF   FSR2L, POSTDEC1
000026 CFE1 FFD9      00427         MOVFF   FSR1L, FSR2L
                      00428         .line   49; main.c      }
00002A CFE4 FFD9      00429         MOVFF   PREINC1, FSR2L
00002E CFE4 FFFB      00430         MOVFF   PREINC1, PCLATU
000032 CFE4 FFFA      00431         MOVFF   PREINC1, PCLATH
000036 CFE4 FFEA      00432         MOVFF   PREINC1, FSR0H
00003A CFE4 FFE9      00433         MOVFF   PREINC1, FSR0L
00003E CFE4 FFF4      00434         MOVFF   PREINC1, PRODH
000042 CFE4 FFF3      00435         MOVFF   PREINC1, PRODL
000046 50E4           00436         MOVF    PREINC1, W
000048 CFE4 FFE0      00437         MOVFF   PREINC1, BSR
00004C CFE4 FFD8      00438         MOVFF   PREINC1, STATUS
000050 0010           00439         RETFIE  
                      00440 
gpasm-1.4.0 #1107 (Feb 13 2015)      main.asm   4-21-2015  23:49:48         PAGE 10


LOC    OBJECT CODE    LINE  SOURCE TEXT
  VALUE

                      00441 ; ; Starting pCode block
                      00442 S_main__high_interrupt  code
000000                00443 _high_interrupt:
                      00444         .line   43; main.c      static void high_interrupt(void) __interrupt(1)
000000 CFD8 FFE5      00445         MOVFF   STATUS, POSTDEC1
000004 CFE0 FFE5      00446         MOVFF   BSR, POSTDEC1
Message[1301]: Using default destination of 0 (Access Bank).
000008 6EE5           00447         MOVWF   POSTDEC1
00000A CFF3 FFE5      00448         MOVFF   PRODL, POSTDEC1
00000E CFF4 FFE5      00449         MOVFF   PRODH, POSTDEC1
000012 CFE9 FFE5      00450         MOVFF   FSR0L, POSTDEC1
000016 CFEA FFE5      00451         MOVFF   FSR0H, POSTDEC1
00001A CFFA FFE5      00452         MOVFF   PCLATH, POSTDEC1
00001E CFFB FFE5      00453         MOVFF   PCLATU, POSTDEC1
000022 CFD9 FFE5      00454         MOVFF   FSR2L, POSTDEC1
000026 CFE1 FFD9      00455         MOVFF   FSR1L, FSR2L
00002A                00456 _00105_DS_:
                      00457         .line   45; main.c      USB_interrupt_service();
00002A 9A??           00458         BCF     _PIR2bits, 5
00002C EC?? F0??      00459         CALL    _USB_service
000030 BA??           00460         BTFSC   _PIR2bits, 5
000032 D???           00461         BRA     _00105_DS_
000034 CFE4 FFD9      00462         MOVFF   PREINC1, FSR2L
000038 CFE4 FFFB      00463         MOVFF   PREINC1, PCLATU
00003C CFE4 FFFA      00464         MOVFF   PREINC1, PCLATH
000040 CFE4 FFEA      00465         MOVFF   PREINC1, FSR0H
000044 CFE4 FFE9      00466         MOVFF   PREINC1, FSR0L
000048 CFE4 FFF4      00467         MOVFF   PREINC1, PRODH
00004C CFE4 FFF3      00468         MOVFF   PREINC1, PRODL
000050 50E4           00469         MOVF    PREINC1, W
000052 CFE4 FFE0      00470         MOVFF   PREINC1, BSR
000056 CFE4 FFD8      00471         MOVFF   PREINC1, STATUS
00005A 0010           00472         RETFIE  
                      00473 
                      00474 
                      00475 
                      00476 ; Statistics:
                      00477 ; code size:      322 (0x0142) bytes ( 0.25%)
                      00478 ;                 161 (0x00a1) words
                      00479 ; udata size:       0 (0x0000) bytes ( 0.00%)
                      00480 ; access size:      1 (0x0001) bytes
                      00481 
                      00482 
                      00483         end
gpasm-1.4.0 #1107 (Feb 13 2015)      main.asm   4-21-2015  23:49:48         PAGE 11


SYMBOL TABLE
  LABEL                             VALUE

BSR                               00000FE0
FSR0H                             00000FEA
FSR0L                             00000FE9
FSR1L                             00000FE1
FSR2L                             00000FD9
PCLATH                            00000FFA
PCLATU                            00000FFB
POSTDEC1                          00000FE5
POSTINC1                          00000FE6
PREINC1                           00000FE4
PRODH                             00000FF4
PRODL                             00000FF3
STATUS                            00000FD8
_00105_DS_                        0000002A
_00124_DS_                        00000022
_00139_DS_                        0000002E
_ADCON0                           00000000
_ADCON0bits                       00000000
_ADCON1                           00000000
_ADCON1bits                       00000000
_ADCON2                           00000000
_ADCON2bits                       00000000
_ADRES                            00000000
_ADRESH                           00000000
_ADRESL                           00000000
_BAUDCON                          00000000
_BAUDCONbits                      00000000
_BAUDCTL                          00000000
_BAUDCTLbits                      00000000
_BSR                              00000000
_CCP1AS                           00000000
_CCP1ASbits                       00000000
_CCP1CON                          00000000
_CCP1CONbits                      00000000
_CCP1DEL                          00000000
_CCP1DELbits                      00000000
_CCP2CON                          00000000
_CCP2CONbits                      00000000
_CCPR1                            00000000
_CCPR1H                           00000000
_CCPR1L                           00000000
_CCPR2                            00000000
_CCPR2H                           00000000
_CCPR2L                           00000000
_CMCON                            00000000
_CMCONbits                        00000000
_CVRCON                           00000000
_CVRCONbits                       00000000
_DDRA                             00000000
_DDRAbits                         00000000
_DDRB                             00000000
_DDRBbits                         00000000
_DDRC                             00000000
gpasm-1.4.0 #1107 (Feb 13 2015)      main.asm   4-21-2015  23:49:48         PAGE 12


SYMBOL TABLE
  LABEL                             VALUE 

_DDRCbits                         00000000
_ECCP1AS                          00000000
_ECCP1ASbits                      00000000
_ECCP1DEL                         00000000
_ECCP1DELbits                     00000000
_EEADR                            00000000
_EECON1                           00000000
_EECON1bits                       00000000
_EECON2                           00000000
_EEDATA                           00000000
_FSR0H                            00000000
_FSR0L                            00000000
_FSR1H                            00000000
_FSR1L                            00000000
_FSR2H                            00000000
_FSR2L                            00000000
_HLVDCON                          00000000
_HLVDCONbits                      00000000
_INDF0                            00000000
_INDF1                            00000000
_INDF2                            00000000
_INTCON                           00000000
_INTCON2                          00000000
_INTCON2bits                      00000000
_INTCON3                          00000000
_INTCON3bits                      00000000
_INTCONbits                       00000000
_IPR1                             00000000
_IPR1bits                         00000000
_IPR2                             00000000
_IPR2bits                         00000000
_LATA                             00000000
_LATAbits                         00000000
_LATB                             00000000
_LATBbits                         00000000
_LATC                             00000000
_LATCbits                         00000000
_LVDCON                           00000000
_LVDCONbits                       00000000
_OSCCON                           00000000
_OSCCONbits                       00000000
_OSCTUNE                          00000000
_OSCTUNEbits                      00000000
_PC                               00000000
_PCL                              00000000
_PCLATH                           00000000
_PCLATU                           00000000
_PIE1                             00000000
_PIE1bits                         00000000
_PIE2                             00000000
_PIE2bits                         00000000
_PIR1                             00000000
_PIR1bits                         00000000
gpasm-1.4.0 #1107 (Feb 13 2015)      main.asm   4-21-2015  23:49:48         PAGE 13


SYMBOL TABLE
  LABEL                             VALUE 

_PIR2                             00000000
_PIR2bits                         00000000
_PLUSW0                           00000000
_PLUSW1                           00000000
_PLUSW2                           00000000
_PORTA                            00000000
_PORTAbits                        00000000
_PORTB                            00000000
_PORTBbits                        00000000
_PORTC                            00000000
_PORTCbits                        00000000
_PORTE                            00000000
_PORTEbits                        00000000
_POSTDEC0                         00000000
_POSTDEC1                         00000000
_POSTDEC2                         00000000
_POSTINC0                         00000000
_POSTINC1                         00000000
_POSTINC2                         00000000
_PR2                              00000000
_PREINC0                          00000000
_PREINC1                          00000000
_PREINC2                          00000000
_PROD                             00000000
_PRODH                            00000000
_PRODL                            00000000
_RCON                             00000000
_RCONbits                         00000000
_RCREG                            00000000
_RCSTA                            00000000
_RCSTAbits                        00000000
_SPBRG                            00000000
_SPBRGH                           00000000
_SSPADD                           00000000
_SSPBUF                           00000000
_SSPCON1                          00000000
_SSPCON1bits                      00000000
_SSPCON2                          00000000
_SSPCON2bits                      00000000
_SSPSTAT                          00000000
_SSPSTATbits                      00000000
_STATUS                           00000000
_STATUSbits                       00000000
_STKPTR                           00000000
_STKPTRbits                       00000000
_T0CON                            00000000
_T0CONbits                        00000000
_T1CON                            00000000
_T1CONbits                        00000000
_T2CON                            00000000
_T2CONbits                        00000000
_T3CON                            00000000
_T3CONbits                        00000000
gpasm-1.4.0 #1107 (Feb 13 2015)      main.asm   4-21-2015  23:49:48         PAGE 14


SYMBOL TABLE
  LABEL                             VALUE 

_TABLAT                           00000000
_TBLPTR                           00000000
_TBLPTRH                          00000000
_TBLPTRL                          00000000
_TBLPTRU                          00000000
_TMR0                             00000000
_TMR0H                            00000000
_TMR0L                            00000000
_TMR1                             00000000
_TMR1H                            00000000
_TMR1L                            00000000
_TMR2                             00000000
_TMR3                             00000000
_TMR3H                            00000000
_TMR3L                            00000000
_TOS                              00000000
_TOSH                             00000000
_TOSL                             00000000
_TOSU                             00000000
_TRISA                            00000000
_TRISAbits                        00000000
_TRISB                            00000000
_TRISBbits                        00000000
_TRISC                            00000000
_TRISCbits                        00000000
_TXREG                            00000000
_TXSTA                            00000000
_TXSTAbits                        00000000
_UADDR                            00000000
_UADDRbits                        00000000
_UCFG                             00000000
_UCFGbits                         00000000
_UCON                             00000000
_UCONbits                         00000000
_UEIE                             00000000
_UEIEbits                         00000000
_UEIR                             00000000
_UEIRbits                         00000000
_UEP0                             00000000
_UEP0bits                         00000000
_UEP1                             00000000
_UEP10                            00000000
_UEP10bits                        00000000
_UEP11                            00000000
_UEP11bits                        00000000
_UEP12                            00000000
_UEP12bits                        00000000
_UEP13                            00000000
_UEP13bits                        00000000
_UEP14                            00000000
_UEP14bits                        00000000
_UEP15                            00000000
_UEP15bits                        00000000
gpasm-1.4.0 #1107 (Feb 13 2015)      main.asm   4-21-2015  23:49:48         PAGE 15


SYMBOL TABLE
  LABEL                             VALUE 

_UEP1bits                         00000000
_UEP2                             00000000
_UEP2bits                         00000000
_UEP3                             00000000
_UEP3bits                         00000000
_UEP4                             00000000
_UEP4bits                         00000000
_UEP5                             00000000
_UEP5bits                         00000000
_UEP6                             00000000
_UEP6bits                         00000000
_UEP7                             00000000
_UEP7bits                         00000000
_UEP8                             00000000
_UEP8bits                         00000000
_UEP9                             00000000
_UEP9bits                         00000000
_UFRM                             00000000
_UFRMH                            00000000
_UFRMHbits                        00000000
_UFRML                            00000000
_UFRMLbits                        00000000
_UIE                              00000000
_UIEbits                          00000000
_UIR                              00000000
_UIRbits                          00000000
_USB_service                      00000000
_USTAT                            00000000
_USTATbits                        00000000
_WDTCON                           00000000
_WDTCONbits                       00000000
_WREG                             00000000
__18F2550                         00000001
__ACC_RAM_LOW_END                 0000005F
__CODE_END                        00007FFF
__CODE_START                      00000000
__EEPROM_END                      00F000FF
__EEPROM_START                    00F00000
__VECTOR_INT_HIGH                 00000008
__VECTOR_INT_LOW                  00000018
__VECTOR_RESET                    00000000
_high_interrupt                   00000000
_low_interrupt                    00000000
_main                             00000000
_ports_init                       00000000
_serial_init                      00000000
_usart_open                       00000000
ivec_0x1_high_interrupt           00000008
ivec_0x2_low_interrupt            00000018
r0x00                             00000000

Errors   :     3
Warnings :     0 reported,     0 suppressed
gpasm-1.4.0 #1107 (Feb 13 2015)      main.asm   4-21-2015  23:49:48         PAGE 16




Messages :    29 reported,     0 suppressed

