gpasm-1.4.0 #1107 (Feb 13 2015)   usb_ep2.asm   4-21-2015  23:49:53         PAGE  1


LOC    OBJECT CODE    LINE  SOURCE TEXT
  VALUE

                      00001 ;--------------------------------------------------------
                      00002 ; File Created by SDCC : free open source ANSI-C Compiler
                      00003 ; Version 3.4.0 #8981 (May 19 2014) (Linux)
                      00004 ; This file was generated Tue Apr 21 23:49:53 2015
                      00005 ;--------------------------------------------------------
                      00006 ; PIC16 port for the Microchip 16-bit core micros
                      00007 ;--------------------------------------------------------
                      00008 
                      00009         .ident "SDCC version 3.4.0 #8981 [pic16 port]"
                      00010         .file   "usb_ep2.c"
                      00011         list    p=18f2550
                      00012         radix   dec
                      00013 
                      00014 
                      00015 ;--------------------------------------------------------
                      00016 ; public variables in this module
                      00017 ;--------------------------------------------------------
  0000                00018         global  _USB_EP2_init
  0000                00019         global  _USB_EP2_set
  0000                00020         global  _USB_EP2_transmission
                      00021 
                      00022 ;--------------------------------------------------------
                      00023 ; extern variables in this module
                      00024 ;--------------------------------------------------------
  0000                00025         extern  _UFRMLbits
  0000                00026         extern  _UFRMHbits
  0000                00027         extern  _UIRbits
  0000                00028         extern  _UIEbits
  0000                00029         extern  _UEIRbits
  0000                00030         extern  _UEIEbits
  0000                00031         extern  _USTATbits
  0000                00032         extern  _UCONbits
  0000                00033         extern  _UADDRbits
  0000                00034         extern  _UCFGbits
  0000                00035         extern  _UEP0bits
  0000                00036         extern  _UEP1bits
  0000                00037         extern  _UEP2bits
  0000                00038         extern  _UEP3bits
  0000                00039         extern  _UEP4bits
  0000                00040         extern  _UEP5bits
  0000                00041         extern  _UEP6bits
  0000                00042         extern  _UEP7bits
  0000                00043         extern  _UEP8bits
  0000                00044         extern  _UEP9bits
  0000                00045         extern  _UEP10bits
  0000                00046         extern  _UEP11bits
  0000                00047         extern  _UEP12bits
  0000                00048         extern  _UEP13bits
  0000                00049         extern  _UEP14bits
  0000                00050         extern  _UEP15bits
  0000                00051         extern  _PORTAbits
  0000                00052         extern  _PORTBbits
  0000                00053         extern  _PORTCbits
gpasm-1.4.0 #1107 (Feb 13 2015)   usb_ep2.asm   4-21-2015  23:49:53         PAGE  2


LOC    OBJECT CODE    LINE  SOURCE TEXT
  VALUE

  0000                00054         extern  _PORTEbits
  0000                00055         extern  _LATAbits
  0000                00056         extern  _LATBbits
  0000                00057         extern  _LATCbits
  0000                00058         extern  _DDRAbits
  0000                00059         extern  _TRISAbits
  0000                00060         extern  _DDRBbits
  0000                00061         extern  _TRISBbits
  0000                00062         extern  _DDRCbits
  0000                00063         extern  _TRISCbits
  0000                00064         extern  _OSCTUNEbits
  0000                00065         extern  _PIE1bits
  0000                00066         extern  _PIR1bits
  0000                00067         extern  _IPR1bits
  0000                00068         extern  _PIE2bits
  0000                00069         extern  _PIR2bits
  0000                00070         extern  _IPR2bits
  0000                00071         extern  _EECON1bits
  0000                00072         extern  _RCSTAbits
  0000                00073         extern  _TXSTAbits
  0000                00074         extern  _T3CONbits
  0000                00075         extern  _CMCONbits
  0000                00076         extern  _CVRCONbits
  0000                00077         extern  _CCP1ASbits
  0000                00078         extern  _ECCP1ASbits
  0000                00079         extern  _CCP1DELbits
  0000                00080         extern  _ECCP1DELbits
  0000                00081         extern  _BAUDCONbits
  0000                00082         extern  _BAUDCTLbits
  0000                00083         extern  _CCP2CONbits
  0000                00084         extern  _CCP1CONbits
  0000                00085         extern  _ADCON2bits
  0000                00086         extern  _ADCON1bits
  0000                00087         extern  _ADCON0bits
  0000                00088         extern  _SSPCON2bits
  0000                00089         extern  _SSPCON1bits
  0000                00090         extern  _SSPSTATbits
  0000                00091         extern  _T2CONbits
  0000                00092         extern  _T1CONbits
  0000                00093         extern  _RCONbits
  0000                00094         extern  _WDTCONbits
  0000                00095         extern  _HLVDCONbits
  0000                00096         extern  _LVDCONbits
  0000                00097         extern  _OSCCONbits
  0000                00098         extern  _T0CONbits
  0000                00099         extern  _STATUSbits
  0000                00100         extern  _INTCON3bits
  0000                00101         extern  _INTCON2bits
  0000                00102         extern  _INTCONbits
  0000                00103         extern  _STKPTRbits
  0000                00104         extern  _usb_ustat
  0000                00105         extern  _usb_bd
  0000                00106         extern  _UFRM
gpasm-1.4.0 #1107 (Feb 13 2015)   usb_ep2.asm   4-21-2015  23:49:53         PAGE  3


LOC    OBJECT CODE    LINE  SOURCE TEXT
  VALUE

  0000                00107         extern  _UFRML
  0000                00108         extern  _UFRMH
  0000                00109         extern  _UIR
  0000                00110         extern  _UIE
  0000                00111         extern  _UEIR
  0000                00112         extern  _UEIE
  0000                00113         extern  _USTAT
  0000                00114         extern  _UCON
  0000                00115         extern  _UADDR
  0000                00116         extern  _UCFG
  0000                00117         extern  _UEP0
  0000                00118         extern  _UEP1
  0000                00119         extern  _UEP2
  0000                00120         extern  _UEP3
  0000                00121         extern  _UEP4
  0000                00122         extern  _UEP5
  0000                00123         extern  _UEP6
  0000                00124         extern  _UEP7
  0000                00125         extern  _UEP8
  0000                00126         extern  _UEP9
  0000                00127         extern  _UEP10
  0000                00128         extern  _UEP11
  0000                00129         extern  _UEP12
  0000                00130         extern  _UEP13
  0000                00131         extern  _UEP14
  0000                00132         extern  _UEP15
  0000                00133         extern  _PORTA
  0000                00134         extern  _PORTB
  0000                00135         extern  _PORTC
  0000                00136         extern  _PORTE
  0000                00137         extern  _LATA
  0000                00138         extern  _LATB
  0000                00139         extern  _LATC
  0000                00140         extern  _DDRA
  0000                00141         extern  _TRISA
  0000                00142         extern  _DDRB
  0000                00143         extern  _TRISB
  0000                00144         extern  _DDRC
  0000                00145         extern  _TRISC
  0000                00146         extern  _OSCTUNE
  0000                00147         extern  _PIE1
  0000                00148         extern  _PIR1
  0000                00149         extern  _IPR1
  0000                00150         extern  _PIE2
  0000                00151         extern  _PIR2
  0000                00152         extern  _IPR2
  0000                00153         extern  _EECON1
  0000                00154         extern  _EECON2
  0000                00155         extern  _EEDATA
  0000                00156         extern  _EEADR
  0000                00157         extern  _RCSTA
  0000                00158         extern  _TXSTA
  0000                00159         extern  _TXREG
gpasm-1.4.0 #1107 (Feb 13 2015)   usb_ep2.asm   4-21-2015  23:49:53         PAGE  4


LOC    OBJECT CODE    LINE  SOURCE TEXT
  VALUE

  0000                00160         extern  _RCREG
  0000                00161         extern  _SPBRG
  0000                00162         extern  _SPBRGH
  0000                00163         extern  _T3CON
  0000                00164         extern  _TMR3
  0000                00165         extern  _TMR3L
  0000                00166         extern  _TMR3H
  0000                00167         extern  _CMCON
  0000                00168         extern  _CVRCON
  0000                00169         extern  _CCP1AS
  0000                00170         extern  _ECCP1AS
  0000                00171         extern  _CCP1DEL
  0000                00172         extern  _ECCP1DEL
  0000                00173         extern  _BAUDCON
  0000                00174         extern  _BAUDCTL
  0000                00175         extern  _CCP2CON
  0000                00176         extern  _CCPR2
  0000                00177         extern  _CCPR2L
  0000                00178         extern  _CCPR2H
  0000                00179         extern  _CCP1CON
  0000                00180         extern  _CCPR1
  0000                00181         extern  _CCPR1L
  0000                00182         extern  _CCPR1H
  0000                00183         extern  _ADCON2
  0000                00184         extern  _ADCON1
  0000                00185         extern  _ADCON0
  0000                00186         extern  _ADRES
  0000                00187         extern  _ADRESL
  0000                00188         extern  _ADRESH
  0000                00189         extern  _SSPCON2
  0000                00190         extern  _SSPCON1
  0000                00191         extern  _SSPSTAT
  0000                00192         extern  _SSPADD
  0000                00193         extern  _SSPBUF
  0000                00194         extern  _T2CON
  0000                00195         extern  _PR2
  0000                00196         extern  _TMR2
  0000                00197         extern  _T1CON
  0000                00198         extern  _TMR1
  0000                00199         extern  _TMR1L
  0000                00200         extern  _TMR1H
  0000                00201         extern  _RCON
  0000                00202         extern  _WDTCON
  0000                00203         extern  _HLVDCON
  0000                00204         extern  _LVDCON
  0000                00205         extern  _OSCCON
  0000                00206         extern  _T0CON
  0000                00207         extern  _TMR0
  0000                00208         extern  _TMR0L
  0000                00209         extern  _TMR0H
  0000                00210         extern  _STATUS
  0000                00211         extern  _FSR2L
  0000                00212         extern  _FSR2H
gpasm-1.4.0 #1107 (Feb 13 2015)   usb_ep2.asm   4-21-2015  23:49:53         PAGE  5


LOC    OBJECT CODE    LINE  SOURCE TEXT
  VALUE

  0000                00213         extern  _PLUSW2
  0000                00214         extern  _PREINC2
  0000                00215         extern  _POSTDEC2
  0000                00216         extern  _POSTINC2
  0000                00217         extern  _INDF2
  0000                00218         extern  _BSR
  0000                00219         extern  _FSR1L
  0000                00220         extern  _FSR1H
  0000                00221         extern  _PLUSW1
  0000                00222         extern  _PREINC1
  0000                00223         extern  _POSTDEC1
  0000                00224         extern  _POSTINC1
  0000                00225         extern  _INDF1
  0000                00226         extern  _WREG
  0000                00227         extern  _FSR0L
  0000                00228         extern  _FSR0H
  0000                00229         extern  _PLUSW0
  0000                00230         extern  _PREINC0
  0000                00231         extern  _POSTDEC0
  0000                00232         extern  _POSTINC0
  0000                00233         extern  _INDF0
  0000                00234         extern  _INTCON3
  0000                00235         extern  _INTCON2
  0000                00236         extern  _INTCON
  0000                00237         extern  _PROD
  0000                00238         extern  _PRODL
  0000                00239         extern  _PRODH
  0000                00240         extern  _TABLAT
  0000                00241         extern  _TBLPTR
  0000                00242         extern  _TBLPTRL
  0000                00243         extern  _TBLPTRH
  0000                00244         extern  _TBLPTRU
  0000                00245         extern  _PC
  0000                00246         extern  _PCL
  0000                00247         extern  _PCLATH
  0000                00248         extern  _PCLATU
  0000                00249         extern  _STKPTR
  0000                00250         extern  _TOS
  0000                00251         extern  _TOSL
  0000                00252         extern  _TOSH
  0000                00253         extern  _TOSU
                      00254 
                      00255 ;--------------------------------------------------------
                      00256 ;       Equates to used internal registers
                      00257 ;--------------------------------------------------------
  00000FD8            00258 STATUS  equ     0xfd8
  00000FE8            00259 WREG    equ     0xfe8
  00000FE9            00260 FSR0L   equ     0xfe9
  00000FEA            00261 FSR0H   equ     0xfea
  00000FE1            00262 FSR1L   equ     0xfe1
  00000FD9            00263 FSR2L   equ     0xfd9
  00000FEF            00264 INDF0   equ     0xfef
  00000FEE            00265 POSTINC0        equ     0xfee
gpasm-1.4.0 #1107 (Feb 13 2015)   usb_ep2.asm   4-21-2015  23:49:53         PAGE  6


LOC    OBJECT CODE    LINE  SOURCE TEXT
  VALUE

  00000FE6            00266 POSTINC1        equ     0xfe6
  00000FE5            00267 POSTDEC1        equ     0xfe5
  00000FE4            00268 PREINC1 equ     0xfe4
  00000FDB            00269 PLUSW2  equ     0xfdb
                      00270 
                      00271 
                      00272 ; Internal registers
                      00273 .registers      udata_ovr       0x0000
000000                00274 r0x00   res     1
000001                00275 r0x01   res     1
000002                00276 r0x02   res     1
000003                00277 r0x03   res     1
000004                00278 r0x04   res     1
000005                00279 r0x05   res     1
000006                00280 r0x06   res     1
000007                00281 r0x07   res     1
000008                00282 r0x08   res     1
000009                00283 r0x09   res     1
00000A                00284 r0x0a   res     1
00000B                00285 r0x0b   res     1
                      00286 
                      00287 
                      00288 usb_buff        udata
000000                00289 _USB_EP2_in_buffer      res     64
                      00290 
                      00291 udata_usb_ep2_0 udata
000000                00292 _to_send        res     3
                      00293 
                      00294 ;--------------------------------------------------------
                      00295 ; global & static initialisations
                      00296 ;--------------------------------------------------------
                      00297 ; I code from now on!
                      00298 ; ; Starting pCode block
                      00299 S_usb_ep2__USB_EP2_transmission code
000000                00300 _USB_EP2_transmission:
                      00301         .line   122; usb_ep2.c  void USB_EP2_transmission(void)
000000 CFD9 FFE5      00302         MOVFF   FSR2L, POSTDEC1
000004 CFE1 FFD9      00303         MOVFF   FSR1L, FSR2L
000008 ????           00304         BANKSEL _to_send
                      00305         .line   126; usb_ep2.c  if (to_send.len) {
00000A 51??           00306         MOVF    _to_send, W, B
00000C E0??           00307         BZ      _00160_DS_
                      00308         .line   128; usb_ep2.c  fill_and_set_send(bdpnt);
00000E 0E??           00309         MOVLW   HIGH(_usb_bd + 20)
Message[1301]: Using default destination of 0 (Access Bank).
000010 6EE5           00310         MOVWF   POSTDEC1
000012 0E??           00311         MOVLW   LOW(_usb_bd + 20)
Message[1301]: Using default destination of 0 (Access Bank).
000014 6EE5           00312         MOVWF   POSTDEC1
000016 EC?? F0??      00313         CALL    _fill_and_set_send
00001A 52E6           00314         MOVF    POSTINC1, F
00001C 52E6           00315         MOVF    POSTINC1, F
00001E                00316 _00160_DS_:
gpasm-1.4.0 #1107 (Feb 13 2015)   usb_ep2.asm   4-21-2015  23:49:53         PAGE  7


LOC    OBJECT CODE    LINE  SOURCE TEXT
  VALUE

                      00317         .line   135; usb_ep2.c  return;
00001E CFE4 FFD9      00318         MOVFF   PREINC1, FSR2L
000022 0012           00319         RETURN  
                      00320 
                      00321 ; ; Starting pCode block
                      00322 S_usb_ep2__USB_EP2_set  code
000000                00323 _USB_EP2_set:
                      00324         .line   87; usb_ep2.c   void USB_EP2_set(const void __near *src, unsigned char len)
000000 CFD9 FFE5      00325         MOVFF   FSR2L, POSTDEC1
000004 CFE1 FFD9      00326         MOVFF   FSR1L, FSR2L
000008 C??? F???      00327         MOVFF   r0x00, POSTDEC1
00000C C??? F???      00328         MOVFF   r0x01, POSTDEC1
000010 C??? F???      00329         MOVFF   r0x02, POSTDEC1
000014 0E02           00330         MOVLW   0x02
000016 CFDB F000      00331         MOVFF   PLUSW2, r0x00
00001A 0E03           00332         MOVLW   0x03
00001C CFDB F000      00333         MOVFF   PLUSW2, r0x01
000020 0E04           00334         MOVLW   0x04
000022 CFDB F000      00335         MOVFF   PLUSW2, r0x02
000026 ????           00336         BANKSEL (_usb_bd + 20)
                      00337         .line   91; usb_ep2.c   if ( bdpnt->statbits.UOWN ) {
000028 AF??           00338         BTFSS   (_usb_bd + 20), 7, B
00002A D???           00339         BRA     _00151_DS_
                      00340         .line   100; usb_ep2.c  return;
00002C D???           00341         BRA     _00153_DS_
00002E                00342 _00151_DS_:
                      00343         .line   104; usb_ep2.c  to_send.len = len;
00002E 50??           00344         MOVF    r0x02, W
000030 ????           00345         BANKSEL _to_send
000032 6F??           00346         MOVWF   _to_send, B
                      00347         .line   105; usb_ep2.c  to_send.src = src;
000034 50??           00348         MOVF    r0x00, W
000036 ????           00349         BANKSEL (_to_send + 1)
000038 6F??           00350         MOVWF   (_to_send + 1), B
00003A 50??           00351         MOVF    r0x01, W
00003C ????           00352         BANKSEL (_to_send + 2)
00003E 6F??           00353         MOVWF   (_to_send + 2), B
                      00354         .line   108; usb_ep2.c  fill_and_set_send(bdpnt);
000040 0E??           00355         MOVLW   HIGH(_usb_bd + 20)
Message[1301]: Using default destination of 0 (Access Bank).
000042 6EE5           00356         MOVWF   POSTDEC1
000044 0E??           00357         MOVLW   LOW(_usb_bd + 20)
Message[1301]: Using default destination of 0 (Access Bank).
000046 6EE5           00358         MOVWF   POSTDEC1
000048 EC?? F0??      00359         CALL    _fill_and_set_send
00004C 52E6           00360         MOVF    POSTINC1, F
00004E 52E6           00361         MOVF    POSTINC1, F
000050                00362 _00153_DS_:
000050 CFE4 F000      00363         MOVFF   PREINC1, r0x02
000054 CFE4 F000      00364         MOVFF   PREINC1, r0x01
000058 CFE4 F000      00365         MOVFF   PREINC1, r0x00
00005C CFE4 FFD9      00366         MOVFF   PREINC1, FSR2L
000060 0012           00367         RETURN  
gpasm-1.4.0 #1107 (Feb 13 2015)   usb_ep2.asm   4-21-2015  23:49:53         PAGE  8


LOC    OBJECT CODE    LINE  SOURCE TEXT
  VALUE

                      00368 
                      00369 ; ; Starting pCode block
                      00370 S_usb_ep2__fill_and_set_send    code
000000                00371 _fill_and_set_send:
                      00372         .line   58; usb_ep2.c   static void fill_and_set_send(usb_bd_t __near * const bdpnt) 
000000 CFD9 FFE5      00373         MOVFF   FSR2L, POSTDEC1
000004 CFE1 FFD9      00374         MOVFF   FSR1L, FSR2L
000008 C??? F???      00375         MOVFF   r0x00, POSTDEC1
00000C C??? F???      00376         MOVFF   r0x01, POSTDEC1
000010 C??? F???      00377         MOVFF   r0x02, POSTDEC1
000014 C??? F???      00378         MOVFF   r0x03, POSTDEC1
000018 C??? F???      00379         MOVFF   r0x04, POSTDEC1
00001C C??? F???      00380         MOVFF   r0x05, POSTDEC1
000020 C??? F???      00381         MOVFF   r0x06, POSTDEC1
000024 C??? F???      00382         MOVFF   r0x07, POSTDEC1
000028 C??? F???      00383         MOVFF   r0x08, POSTDEC1
00002C C??? F???      00384         MOVFF   r0x09, POSTDEC1
000030 C??? F???      00385         MOVFF   r0x0a, POSTDEC1
000034 C??? F???      00386         MOVFF   r0x0b, POSTDEC1
000038 0E02           00387         MOVLW   0x02
00003A CFDB F000      00388         MOVFF   PLUSW2, r0x00
00003E 0E03           00389         MOVLW   0x03
000040 CFDB F000      00390         MOVFF   PLUSW2, r0x01
                      00391         .line   60; usb_ep2.c   unsigned char __near * const dst = bdpnt->adr;
000044 50??           00392         MOVF    r0x00, W
000046 0F02           00393         ADDLW   0x02
Message[1301]: Using default destination of 0 (Access Bank).
000048 6E??           00394         MOVWF   r0x02
00004A 0E00           00395         MOVLW   0x00
00004C 20??           00396         ADDWFC  r0x01, W
Message[1301]: Using default destination of 0 (Access Bank).
00004E 6E??           00397         MOVWF   r0x03
000050 C??? F???      00398         MOVFF   r0x02, FSR0L
000054 C??? F???      00399         MOVFF   r0x03, FSR0H
000058 CFEE F000      00400         MOVFF   POSTINC0, r0x02
00005C CFEF F000      00401         MOVFF   INDF0, r0x03
                      00402         .line   61; usb_ep2.c   const unsigned char __near * const src = to_send.src;
000060 C??? F???      00403         MOVFF   (_to_send + 1), r0x04
000064 C??? F???      00404         MOVFF   (_to_send + 2), r0x05
                      00405         .line   65; usb_ep2.c   if ( to_send.len < EP2_BUFFER_SIZE ) {
000068 C??? F???      00406         MOVFF   _to_send, r0x06
00006C 0E40           00407         MOVLW   0x40
00006E 5C??           00408         SUBWF   r0x06, W
000070 E2??           00409         BC      _00123_DS_
                      00410         .line   66; usb_ep2.c   len = to_send.len;
000072 C??? F???      00411         MOVFF   r0x06, r0x07
000076 ????           00412         BANKSEL _to_send
                      00413         .line   67; usb_ep2.c   to_send.len = 0x00;
000078 6B??           00414         CLRF    _to_send, B
00007A D???           00415         BRA     _00124_DS_
00007C                00416 _00123_DS_:
                      00417         .line   70; usb_ep2.c   len = EP2_BUFFER_SIZE;
00007C 0E40           00418         MOVLW   0x40
gpasm-1.4.0 #1107 (Feb 13 2015)   usb_ep2.asm   4-21-2015  23:49:53         PAGE  9


LOC    OBJECT CODE    LINE  SOURCE TEXT
  VALUE

Message[1301]: Using default destination of 0 (Access Bank).
00007E 6E??           00419         MOVWF   r0x07
                      00420         .line   71; usb_ep2.c   to_send.len -= EP2_BUFFER_SIZE;
000080 0EC0           00421         MOVLW   0xc0
000082 26??           00422         ADDWF   r0x06, F
000084 50??           00423         MOVF    r0x06, W
000086 ????           00424         BANKSEL _to_send
000088 6F??           00425         MOVWF   _to_send, B
00008A                00426 _00124_DS_:
                      00427         .line   74; usb_ep2.c   to_send.src += len;
00008A 50??           00428         MOVF    r0x07, W
00008C ????           00429         BANKSEL (_to_send + 1)
00008E 25??           00430         ADDWF   (_to_send + 1), W, B
Message[1301]: Using default destination of 0 (Access Bank).
000090 6E??           00431         MOVWF   r0x06
Message[1301]: Using default destination of 0 (Access Bank).
000092 6AE8           00432         CLRF    WREG
000094 ????           00433         BANKSEL (_to_send + 2)
000096 21??           00434         ADDWFC  (_to_send + 2), W, B
Message[1301]: Using default destination of 0 (Access Bank).
000098 6E??           00435         MOVWF   r0x08
00009A 50??           00436         MOVF    r0x06, W
00009C ????           00437         BANKSEL (_to_send + 1)
00009E 6F??           00438         MOVWF   (_to_send + 1), B
0000A0 50??           00439         MOVF    r0x08, W
0000A2 ????           00440         BANKSEL (_to_send + 2)
0000A4 6F??           00441         MOVWF   (_to_send + 2), B
                      00442         .line   77; usb_ep2.c   for (i=0; i<len; i++) {
Message[1301]: Using default destination of 0 (Access Bank).
0000A6 6A??           00443         CLRF    r0x06
0000A8                00444 _00130_DS_:
0000A8 50??           00445         MOVF    r0x07, W
0000AA 5C??           00446         SUBWF   r0x06, W
0000AC E2??           00447         BC      _00125_DS_
                      00448         .line   78; usb_ep2.c   dst[i] = src[i];
0000AE 50??           00449         MOVF    r0x06, W
0000B0 24??           00450         ADDWF   r0x02, W
Message[1301]: Using default destination of 0 (Access Bank).
0000B2 6E??           00451         MOVWF   r0x08
Message[1301]: Using default destination of 0 (Access Bank).
0000B4 6AE8           00452         CLRF    WREG
0000B6 20??           00453         ADDWFC  r0x03, W
Message[1301]: Using default destination of 0 (Access Bank).
0000B8 6E??           00454         MOVWF   r0x09
0000BA 50??           00455         MOVF    r0x06, W
0000BC 24??           00456         ADDWF   r0x04, W
Message[1301]: Using default destination of 0 (Access Bank).
0000BE 6E??           00457         MOVWF   r0x0a
Message[1301]: Using default destination of 0 (Access Bank).
0000C0 6AE8           00458         CLRF    WREG
0000C2 20??           00459         ADDWFC  r0x05, W
Message[1301]: Using default destination of 0 (Access Bank).
0000C4 6E??           00460         MOVWF   r0x0b
gpasm-1.4.0 #1107 (Feb 13 2015)   usb_ep2.asm   4-21-2015  23:49:53         PAGE 10


LOC    OBJECT CODE    LINE  SOURCE TEXT
  VALUE

0000C6 C??? F???      00461         MOVFF   r0x0a, FSR0L
0000CA C??? F???      00462         MOVFF   r0x0b, FSR0H
0000CE CFEF F000      00463         MOVFF   INDF0, r0x0a
0000D2 C??? F???      00464         MOVFF   r0x08, FSR0L
0000D6 C??? F???      00465         MOVFF   r0x09, FSR0H
0000DA C??? F???      00466         MOVFF   r0x0a, INDF0
                      00467         .line   77; usb_ep2.c   for (i=0; i<len; i++) {
0000DE 2A??           00468         INCF    r0x06, F
0000E0 D???           00469         BRA     _00130_DS_
0000E2                00470 _00125_DS_:
                      00471         .line   82; usb_ep2.c   bdpnt->cnt = len;
0000E2 50??           00472         MOVF    r0x00, W
0000E4 0F01           00473         ADDLW   0x01
Message[1301]: Using default destination of 0 (Access Bank).
0000E6 6E??           00474         MOVWF   r0x02
0000E8 0E00           00475         MOVLW   0x00
0000EA 20??           00476         ADDWFC  r0x01, W
Message[1301]: Using default destination of 0 (Access Bank).
0000EC 6E??           00477         MOVWF   r0x03
0000EE C??? F???      00478         MOVFF   r0x02, FSR0L
0000F2 C??? F???      00479         MOVFF   r0x03, FSR0H
0000F6 C??? F???      00480         MOVFF   r0x07, INDF0
                      00481         .line   84; usb_ep2.c   USB_BD_SET_STAT(bdpnt);
0000FA C??? F???      00482         MOVFF   r0x00, FSR0L
0000FE C??? F???      00483         MOVFF   r0x01, FSR0H
000102 CFEF F000      00484         MOVFF   INDF0, r0x02
000106 0E40           00485         MOVLW   0x40
000108 16??           00486         ANDWF   r0x02, F
00010A 7C??           00487         BTG     r0x02, 6
00010C 0E88           00488         MOVLW   0x88
00010E 12??           00489         IORWF   r0x02, F
000110 C??? F???      00490         MOVFF   r0x00, FSR0L
000114 C??? F???      00491         MOVFF   r0x01, FSR0H
000118 C??? F???      00492         MOVFF   r0x02, INDF0
00011C CFE4 F000      00493         MOVFF   PREINC1, r0x0b
000120 CFE4 F000      00494         MOVFF   PREINC1, r0x0a
000124 CFE4 F000      00495         MOVFF   PREINC1, r0x09
000128 CFE4 F000      00496         MOVFF   PREINC1, r0x08
00012C CFE4 F000      00497         MOVFF   PREINC1, r0x07
000130 CFE4 F000      00498         MOVFF   PREINC1, r0x06
000134 CFE4 F000      00499         MOVFF   PREINC1, r0x05
000138 CFE4 F000      00500         MOVFF   PREINC1, r0x04
00013C CFE4 F000      00501         MOVFF   PREINC1, r0x03
000140 CFE4 F000      00502         MOVFF   PREINC1, r0x02
000144 CFE4 F000      00503         MOVFF   PREINC1, r0x01
000148 CFE4 F000      00504         MOVFF   PREINC1, r0x00
00014C CFE4 FFD9      00505         MOVFF   PREINC1, FSR2L
000150 0012           00506         RETURN  
                      00507 
                      00508 ; ; Starting pCode block
                      00509 S_usb_ep2__USB_EP2_init code
000000                00510 _USB_EP2_init:
                      00511         .line   36; usb_ep2.c   void USB_EP2_init(void)
gpasm-1.4.0 #1107 (Feb 13 2015)   usb_ep2.asm   4-21-2015  23:49:53         PAGE 11


LOC    OBJECT CODE    LINE  SOURCE TEXT
  VALUE

000000 CFD9 FFE5      00512         MOVFF   FSR2L, POSTDEC1
000004 CFE1 FFD9      00513         MOVFF   FSR1L, FSR2L
000008 C??? F???      00514         MOVFF   r0x00, POSTDEC1
00000C C??? F???      00515         MOVFF   r0x01, POSTDEC1
000010 C??? F???      00516         MOVFF   r0x02, POSTDEC1
                      00517         .line   40; usb_ep2.c   for (i=0; i<sizeof(USB_EP2_in_buffer); i++)
Message[1301]: Using default destination of 0 (Access Bank).
000014 6A??           00518         CLRF    r0x00
000016                00519 _00106_DS_:
                      00520         .line   41; usb_ep2.c   ((unsigned char *)USB_EP2_in_buffer)[i] = 0;
000016 0E??           00521         MOVLW   LOW(_USB_EP2_in_buffer)
Message[1301]: Using default destination of 0 (Access Bank).
000018 6E??           00522         MOVWF   r0x01
00001A 0E??           00523         MOVLW   HIGH(_USB_EP2_in_buffer)
Message[1301]: Using default destination of 0 (Access Bank).
00001C 6E??           00524         MOVWF   r0x02
00001E 50??           00525         MOVF    r0x00, W
000020 26??           00526         ADDWF   r0x01, F
Message[1301]: Using default destination of 0 (Access Bank).
000022 6AE8           00527         CLRF    WREG
000024 22??           00528         ADDWFC  r0x02, F
000026 C??? F???      00529         MOVFF   r0x01, FSR0L
00002A C??? F???      00530         MOVFF   r0x02, FSR0H
00002E 0E00           00531         MOVLW   0x00
Message[1301]: Using default destination of 0 (Access Bank).
000030 6EEF           00532         MOVWF   INDF0
                      00533         .line   40; usb_ep2.c   for (i=0; i<sizeof(USB_EP2_in_buffer); i++)
000032 2A??           00534         INCF    r0x00, F
000034 0E40           00535         MOVLW   0x40
000036 5C??           00536         SUBWF   r0x00, W
000038 E3??           00537         BNC     _00106_DS_
                      00538         .line   44; usb_ep2.c   bdpnt->adr = USB_EP2_in_buffer[0];
00003A 0E??           00539         MOVLW   LOW(_USB_EP2_in_buffer)
00003C ????           00540         BANKSEL (_usb_bd + 22)
00003E 6F??           00541         MOVWF   (_usb_bd + 22), B
000040 0E??           00542         MOVLW   HIGH(_USB_EP2_in_buffer)
000042 ????           00543         BANKSEL (_usb_bd + 23)
000044 6F??           00544         MOVWF   (_usb_bd + 23), B
000046 ????           00545         BANKSEL (_usb_bd + 21)
                      00546         .line   45; usb_ep2.c   bdpnt->cnt = 0;
000048 6B??           00547         CLRF    (_usb_bd + 21), B
                      00548         .line   46; usb_ep2.c   bdpnt->stat = BD_STAT_UCPU | BD_STAT_DATA0 | BD_STAT_DTSEN;
00004A 0E08           00549         MOVLW   0x08
00004C ????           00550         BANKSEL (_usb_bd + 20)
00004E 6F??           00551         MOVWF   (_usb_bd + 20), B
                      00552         .line   55; usb_ep2.c   UEP2 = UEP_EPHSHK | UEP_EPINEN;
000050 0E12           00553         MOVLW   0x12
Message[1301]: Using default destination of 0 (Access Bank).
000052 6E??           00554         MOVWF   _UEP2
000054 CFE4 F000      00555         MOVFF   PREINC1, r0x02
000058 CFE4 F000      00556         MOVFF   PREINC1, r0x01
00005C CFE4 F000      00557         MOVFF   PREINC1, r0x00
000060 CFE4 FFD9      00558         MOVFF   PREINC1, FSR2L
gpasm-1.4.0 #1107 (Feb 13 2015)   usb_ep2.asm   4-21-2015  23:49:53         PAGE 12


LOC    OBJECT CODE    LINE  SOURCE TEXT
  VALUE

000064 0012           00559         RETURN  
                      00560 
                      00561 
                      00562 
                      00563 ; Statistics:
                      00564 ; code size:      574 (0x023e) bytes ( 0.44%)
                      00565 ;                 287 (0x011f) words
                      00566 ; udata size:      67 (0x0043) bytes ( 3.74%)
                      00567 ; access size:     12 (0x000c) bytes
                      00568 
                      00569 
                      00570         end
gpasm-1.4.0 #1107 (Feb 13 2015)   usb_ep2.asm   4-21-2015  23:49:53         PAGE 13


SYMBOL TABLE
  LABEL                             VALUE

FSR0H                             00000FEA
FSR0L                             00000FE9
FSR1L                             00000FE1
FSR2L                             00000FD9
INDF0                             00000FEF
PLUSW2                            00000FDB
POSTDEC1                          00000FE5
POSTINC0                          00000FEE
POSTINC1                          00000FE6
PREINC1                           00000FE4
STATUS                            00000FD8
WREG                              00000FE8
_00106_DS_                        00000016
_00123_DS_                        0000007C
_00124_DS_                        0000008A
_00125_DS_                        000000E2
_00130_DS_                        000000A8
_00151_DS_                        0000002E
_00153_DS_                        00000050
_00160_DS_                        0000001E
_ADCON0                           00000000
_ADCON0bits                       00000000
_ADCON1                           00000000
_ADCON1bits                       00000000
_ADCON2                           00000000
_ADCON2bits                       00000000
_ADRES                            00000000
_ADRESH                           00000000
_ADRESL                           00000000
_BAUDCON                          00000000
_BAUDCONbits                      00000000
_BAUDCTL                          00000000
_BAUDCTLbits                      00000000
_BSR                              00000000
_CCP1AS                           00000000
_CCP1ASbits                       00000000
_CCP1CON                          00000000
_CCP1CONbits                      00000000
_CCP1DEL                          00000000
_CCP1DELbits                      00000000
_CCP2CON                          00000000
_CCP2CONbits                      00000000
_CCPR1                            00000000
_CCPR1H                           00000000
_CCPR1L                           00000000
_CCPR2                            00000000
_CCPR2H                           00000000
_CCPR2L                           00000000
_CMCON                            00000000
_CMCONbits                        00000000
_CVRCON                           00000000
_CVRCONbits                       00000000
_DDRA                             00000000
gpasm-1.4.0 #1107 (Feb 13 2015)   usb_ep2.asm   4-21-2015  23:49:53         PAGE 14


SYMBOL TABLE
  LABEL                             VALUE 

_DDRAbits                         00000000
_DDRB                             00000000
_DDRBbits                         00000000
_DDRC                             00000000
_DDRCbits                         00000000
_ECCP1AS                          00000000
_ECCP1ASbits                      00000000
_ECCP1DEL                         00000000
_ECCP1DELbits                     00000000
_EEADR                            00000000
_EECON1                           00000000
_EECON1bits                       00000000
_EECON2                           00000000
_EEDATA                           00000000
_FSR0H                            00000000
_FSR0L                            00000000
_FSR1H                            00000000
_FSR1L                            00000000
_FSR2H                            00000000
_FSR2L                            00000000
_HLVDCON                          00000000
_HLVDCONbits                      00000000
_INDF0                            00000000
_INDF1                            00000000
_INDF2                            00000000
_INTCON                           00000000
_INTCON2                          00000000
_INTCON2bits                      00000000
_INTCON3                          00000000
_INTCON3bits                      00000000
_INTCONbits                       00000000
_IPR1                             00000000
_IPR1bits                         00000000
_IPR2                             00000000
_IPR2bits                         00000000
_LATA                             00000000
_LATAbits                         00000000
_LATB                             00000000
_LATBbits                         00000000
_LATC                             00000000
_LATCbits                         00000000
_LVDCON                           00000000
_LVDCONbits                       00000000
_OSCCON                           00000000
_OSCCONbits                       00000000
_OSCTUNE                          00000000
_OSCTUNEbits                      00000000
_PC                               00000000
_PCL                              00000000
_PCLATH                           00000000
_PCLATU                           00000000
_PIE1                             00000000
_PIE1bits                         00000000
gpasm-1.4.0 #1107 (Feb 13 2015)   usb_ep2.asm   4-21-2015  23:49:53         PAGE 15


SYMBOL TABLE
  LABEL                             VALUE 

_PIE2                             00000000
_PIE2bits                         00000000
_PIR1                             00000000
_PIR1bits                         00000000
_PIR2                             00000000
_PIR2bits                         00000000
_PLUSW0                           00000000
_PLUSW1                           00000000
_PLUSW2                           00000000
_PORTA                            00000000
_PORTAbits                        00000000
_PORTB                            00000000
_PORTBbits                        00000000
_PORTC                            00000000
_PORTCbits                        00000000
_PORTE                            00000000
_PORTEbits                        00000000
_POSTDEC0                         00000000
_POSTDEC1                         00000000
_POSTDEC2                         00000000
_POSTINC0                         00000000
_POSTINC1                         00000000
_POSTINC2                         00000000
_PR2                              00000000
_PREINC0                          00000000
_PREINC1                          00000000
_PREINC2                          00000000
_PROD                             00000000
_PRODH                            00000000
_PRODL                            00000000
_RCON                             00000000
_RCONbits                         00000000
_RCREG                            00000000
_RCSTA                            00000000
_RCSTAbits                        00000000
_SPBRG                            00000000
_SPBRGH                           00000000
_SSPADD                           00000000
_SSPBUF                           00000000
_SSPCON1                          00000000
_SSPCON1bits                      00000000
_SSPCON2                          00000000
_SSPCON2bits                      00000000
_SSPSTAT                          00000000
_SSPSTATbits                      00000000
_STATUS                           00000000
_STATUSbits                       00000000
_STKPTR                           00000000
_STKPTRbits                       00000000
_T0CON                            00000000
_T0CONbits                        00000000
_T1CON                            00000000
_T1CONbits                        00000000
gpasm-1.4.0 #1107 (Feb 13 2015)   usb_ep2.asm   4-21-2015  23:49:53         PAGE 16


SYMBOL TABLE
  LABEL                             VALUE 

_T2CON                            00000000
_T2CONbits                        00000000
_T3CON                            00000000
_T3CONbits                        00000000
_TABLAT                           00000000
_TBLPTR                           00000000
_TBLPTRH                          00000000
_TBLPTRL                          00000000
_TBLPTRU                          00000000
_TMR0                             00000000
_TMR0H                            00000000
_TMR0L                            00000000
_TMR1                             00000000
_TMR1H                            00000000
_TMR1L                            00000000
_TMR2                             00000000
_TMR3                             00000000
_TMR3H                            00000000
_TMR3L                            00000000
_TOS                              00000000
_TOSH                             00000000
_TOSL                             00000000
_TOSU                             00000000
_TRISA                            00000000
_TRISAbits                        00000000
_TRISB                            00000000
_TRISBbits                        00000000
_TRISC                            00000000
_TRISCbits                        00000000
_TXREG                            00000000
_TXSTA                            00000000
_TXSTAbits                        00000000
_UADDR                            00000000
_UADDRbits                        00000000
_UCFG                             00000000
_UCFGbits                         00000000
_UCON                             00000000
_UCONbits                         00000000
_UEIE                             00000000
_UEIEbits                         00000000
_UEIR                             00000000
_UEIRbits                         00000000
_UEP0                             00000000
_UEP0bits                         00000000
_UEP1                             00000000
_UEP10                            00000000
_UEP10bits                        00000000
_UEP11                            00000000
_UEP11bits                        00000000
_UEP12                            00000000
_UEP12bits                        00000000
_UEP13                            00000000
_UEP13bits                        00000000
gpasm-1.4.0 #1107 (Feb 13 2015)   usb_ep2.asm   4-21-2015  23:49:53         PAGE 17


SYMBOL TABLE
  LABEL                             VALUE 

_UEP14                            00000000
_UEP14bits                        00000000
_UEP15                            00000000
_UEP15bits                        00000000
_UEP1bits                         00000000
_UEP2                             00000000
_UEP2bits                         00000000
_UEP3                             00000000
_UEP3bits                         00000000
_UEP4                             00000000
_UEP4bits                         00000000
_UEP5                             00000000
_UEP5bits                         00000000
_UEP6                             00000000
_UEP6bits                         00000000
_UEP7                             00000000
_UEP7bits                         00000000
_UEP8                             00000000
_UEP8bits                         00000000
_UEP9                             00000000
_UEP9bits                         00000000
_UFRM                             00000000
_UFRMH                            00000000
_UFRMHbits                        00000000
_UFRML                            00000000
_UFRMLbits                        00000000
_UIE                              00000000
_UIEbits                          00000000
_UIR                              00000000
_UIRbits                          00000000
_USB_EP2_in_buffer                00000000
_USB_EP2_init                     00000000
_USB_EP2_set                      00000000
_USB_EP2_transmission             00000000
_USTAT                            00000000
_USTATbits                        00000000
_WDTCON                           00000000
_WDTCONbits                       00000000
_WREG                             00000000
__18F2550                         00000001
__ACC_RAM_LOW_END                 0000005F
__CODE_END                        00007FFF
__CODE_START                      00000000
__EEPROM_END                      00F000FF
__EEPROM_START                    00F00000
__VECTOR_INT_HIGH                 00000008
__VECTOR_INT_LOW                  00000018
__VECTOR_RESET                    00000000
_fill_and_set_send                00000000
_to_send                          00000000
_usb_bd                           00000000
_usb_ustat                        00000000
r0x00                             00000000
gpasm-1.4.0 #1107 (Feb 13 2015)   usb_ep2.asm   4-21-2015  23:49:53         PAGE 18


SYMBOL TABLE
  LABEL                             VALUE 

r0x01                             00000001
r0x02                             00000002
r0x03                             00000003
r0x04                             00000004
r0x05                             00000005
r0x06                             00000006
r0x07                             00000007
r0x08                             00000008
r0x09                             00000009
r0x0a                             0000000A
r0x0b                             0000000B

Errors   :     0
Warnings :     0 reported,     0 suppressed
Messages :    25 reported,     0 suppressed

