gpasm-1.4.0 #1107 (Feb 13 2015)   usb_ep1.asm   4-21-2015  23:49:52         PAGE  1


LOC    OBJECT CODE    LINE  SOURCE TEXT
  VALUE

                      00001 ;--------------------------------------------------------
                      00002 ; File Created by SDCC : free open source ANSI-C Compiler
                      00003 ; Version 3.4.0 #8981 (May 19 2014) (Linux)
                      00004 ; This file was generated Tue Apr 21 23:49:52 2015
                      00005 ;--------------------------------------------------------
                      00006 ; PIC16 port for the Microchip 16-bit core micros
                      00007 ;--------------------------------------------------------
                      00008 
                      00009         .ident "SDCC version 3.4.0 #8981 [pic16 port]"
                      00010         .file   "usb_ep1.c"
                      00011         list    p=18f2550
                      00012         radix   dec
                      00013 
                      00014 
                      00015 ;--------------------------------------------------------
                      00016 ; public variables in this module
                      00017 ;--------------------------------------------------------
  0000                00018         global  _USB_EP1_init
  0000                00019         global  _USB_EP1_transmission
                      00020 
                      00021 ;--------------------------------------------------------
                      00022 ; extern variables in this module
                      00023 ;--------------------------------------------------------
  0000                00024         extern  _UFRMLbits
  0000                00025         extern  _UFRMHbits
  0000                00026         extern  _UIRbits
  0000                00027         extern  _UIEbits
  0000                00028         extern  _UEIRbits
  0000                00029         extern  _UEIEbits
  0000                00030         extern  _USTATbits
  0000                00031         extern  _UCONbits
  0000                00032         extern  _UADDRbits
  0000                00033         extern  _UCFGbits
  0000                00034         extern  _UEP0bits
  0000                00035         extern  _UEP1bits
  0000                00036         extern  _UEP2bits
  0000                00037         extern  _UEP3bits
  0000                00038         extern  _UEP4bits
  0000                00039         extern  _UEP5bits
  0000                00040         extern  _UEP6bits
  0000                00041         extern  _UEP7bits
  0000                00042         extern  _UEP8bits
  0000                00043         extern  _UEP9bits
  0000                00044         extern  _UEP10bits
  0000                00045         extern  _UEP11bits
  0000                00046         extern  _UEP12bits
  0000                00047         extern  _UEP13bits
  0000                00048         extern  _UEP14bits
  0000                00049         extern  _UEP15bits
  0000                00050         extern  _PORTAbits
  0000                00051         extern  _PORTBbits
  0000                00052         extern  _PORTCbits
  0000                00053         extern  _PORTEbits
gpasm-1.4.0 #1107 (Feb 13 2015)   usb_ep1.asm   4-21-2015  23:49:52         PAGE  2


LOC    OBJECT CODE    LINE  SOURCE TEXT
  VALUE

  0000                00054         extern  _LATAbits
  0000                00055         extern  _LATBbits
  0000                00056         extern  _LATCbits
  0000                00057         extern  _DDRAbits
  0000                00058         extern  _TRISAbits
  0000                00059         extern  _DDRBbits
  0000                00060         extern  _TRISBbits
  0000                00061         extern  _DDRCbits
  0000                00062         extern  _TRISCbits
  0000                00063         extern  _OSCTUNEbits
  0000                00064         extern  _PIE1bits
  0000                00065         extern  _PIR1bits
  0000                00066         extern  _IPR1bits
  0000                00067         extern  _PIE2bits
  0000                00068         extern  _PIR2bits
  0000                00069         extern  _IPR2bits
  0000                00070         extern  _EECON1bits
  0000                00071         extern  _RCSTAbits
  0000                00072         extern  _TXSTAbits
  0000                00073         extern  _T3CONbits
  0000                00074         extern  _CMCONbits
  0000                00075         extern  _CVRCONbits
  0000                00076         extern  _CCP1ASbits
  0000                00077         extern  _ECCP1ASbits
  0000                00078         extern  _CCP1DELbits
  0000                00079         extern  _ECCP1DELbits
  0000                00080         extern  _BAUDCONbits
  0000                00081         extern  _BAUDCTLbits
  0000                00082         extern  _CCP2CONbits
  0000                00083         extern  _CCP1CONbits
  0000                00084         extern  _ADCON2bits
  0000                00085         extern  _ADCON1bits
  0000                00086         extern  _ADCON0bits
  0000                00087         extern  _SSPCON2bits
  0000                00088         extern  _SSPCON1bits
  0000                00089         extern  _SSPSTATbits
  0000                00090         extern  _T2CONbits
  0000                00091         extern  _T1CONbits
  0000                00092         extern  _RCONbits
  0000                00093         extern  _WDTCONbits
  0000                00094         extern  _HLVDCONbits
  0000                00095         extern  _LVDCONbits
  0000                00096         extern  _OSCCONbits
  0000                00097         extern  _T0CONbits
  0000                00098         extern  _STATUSbits
  0000                00099         extern  _INTCON3bits
  0000                00100         extern  _INTCON2bits
  0000                00101         extern  _INTCONbits
  0000                00102         extern  _STKPTRbits
  0000                00103         extern  _usb_ustat
  0000                00104         extern  _usb_bd
  0000                00105         extern  _UFRM
  0000                00106         extern  _UFRML
gpasm-1.4.0 #1107 (Feb 13 2015)   usb_ep1.asm   4-21-2015  23:49:52         PAGE  3


LOC    OBJECT CODE    LINE  SOURCE TEXT
  VALUE

  0000                00107         extern  _UFRMH
  0000                00108         extern  _UIR
  0000                00109         extern  _UIE
  0000                00110         extern  _UEIR
  0000                00111         extern  _UEIE
  0000                00112         extern  _USTAT
  0000                00113         extern  _UCON
  0000                00114         extern  _UADDR
  0000                00115         extern  _UCFG
  0000                00116         extern  _UEP0
  0000                00117         extern  _UEP1
  0000                00118         extern  _UEP2
  0000                00119         extern  _UEP3
  0000                00120         extern  _UEP4
  0000                00121         extern  _UEP5
  0000                00122         extern  _UEP6
  0000                00123         extern  _UEP7
  0000                00124         extern  _UEP8
  0000                00125         extern  _UEP9
  0000                00126         extern  _UEP10
  0000                00127         extern  _UEP11
  0000                00128         extern  _UEP12
  0000                00129         extern  _UEP13
  0000                00130         extern  _UEP14
  0000                00131         extern  _UEP15
  0000                00132         extern  _PORTA
  0000                00133         extern  _PORTB
  0000                00134         extern  _PORTC
  0000                00135         extern  _PORTE
  0000                00136         extern  _LATA
  0000                00137         extern  _LATB
  0000                00138         extern  _LATC
  0000                00139         extern  _DDRA
  0000                00140         extern  _TRISA
  0000                00141         extern  _DDRB
  0000                00142         extern  _TRISB
  0000                00143         extern  _DDRC
  0000                00144         extern  _TRISC
  0000                00145         extern  _OSCTUNE
  0000                00146         extern  _PIE1
  0000                00147         extern  _PIR1
  0000                00148         extern  _IPR1
  0000                00149         extern  _PIE2
  0000                00150         extern  _PIR2
  0000                00151         extern  _IPR2
  0000                00152         extern  _EECON1
  0000                00153         extern  _EECON2
  0000                00154         extern  _EEDATA
  0000                00155         extern  _EEADR
  0000                00156         extern  _RCSTA
  0000                00157         extern  _TXSTA
  0000                00158         extern  _TXREG
  0000                00159         extern  _RCREG
gpasm-1.4.0 #1107 (Feb 13 2015)   usb_ep1.asm   4-21-2015  23:49:52         PAGE  4


LOC    OBJECT CODE    LINE  SOURCE TEXT
  VALUE

  0000                00160         extern  _SPBRG
  0000                00161         extern  _SPBRGH
  0000                00162         extern  _T3CON
  0000                00163         extern  _TMR3
  0000                00164         extern  _TMR3L
  0000                00165         extern  _TMR3H
  0000                00166         extern  _CMCON
  0000                00167         extern  _CVRCON
  0000                00168         extern  _CCP1AS
  0000                00169         extern  _ECCP1AS
  0000                00170         extern  _CCP1DEL
  0000                00171         extern  _ECCP1DEL
  0000                00172         extern  _BAUDCON
  0000                00173         extern  _BAUDCTL
  0000                00174         extern  _CCP2CON
  0000                00175         extern  _CCPR2
  0000                00176         extern  _CCPR2L
  0000                00177         extern  _CCPR2H
  0000                00178         extern  _CCP1CON
  0000                00179         extern  _CCPR1
  0000                00180         extern  _CCPR1L
  0000                00181         extern  _CCPR1H
  0000                00182         extern  _ADCON2
  0000                00183         extern  _ADCON1
  0000                00184         extern  _ADCON0
  0000                00185         extern  _ADRES
  0000                00186         extern  _ADRESL
  0000                00187         extern  _ADRESH
  0000                00188         extern  _SSPCON2
  0000                00189         extern  _SSPCON1
  0000                00190         extern  _SSPSTAT
  0000                00191         extern  _SSPADD
  0000                00192         extern  _SSPBUF
  0000                00193         extern  _T2CON
  0000                00194         extern  _PR2
  0000                00195         extern  _TMR2
  0000                00196         extern  _T1CON
  0000                00197         extern  _TMR1
  0000                00198         extern  _TMR1L
  0000                00199         extern  _TMR1H
  0000                00200         extern  _RCON
  0000                00201         extern  _WDTCON
  0000                00202         extern  _HLVDCON
  0000                00203         extern  _LVDCON
  0000                00204         extern  _OSCCON
  0000                00205         extern  _T0CON
  0000                00206         extern  _TMR0
  0000                00207         extern  _TMR0L
  0000                00208         extern  _TMR0H
  0000                00209         extern  _STATUS
  0000                00210         extern  _FSR2L
  0000                00211         extern  _FSR2H
  0000                00212         extern  _PLUSW2
gpasm-1.4.0 #1107 (Feb 13 2015)   usb_ep1.asm   4-21-2015  23:49:52         PAGE  5


LOC    OBJECT CODE    LINE  SOURCE TEXT
  VALUE

  0000                00213         extern  _PREINC2
  0000                00214         extern  _POSTDEC2
  0000                00215         extern  _POSTINC2
  0000                00216         extern  _INDF2
  0000                00217         extern  _BSR
  0000                00218         extern  _FSR1L
  0000                00219         extern  _FSR1H
  0000                00220         extern  _PLUSW1
  0000                00221         extern  _PREINC1
  0000                00222         extern  _POSTDEC1
  0000                00223         extern  _POSTINC1
  0000                00224         extern  _INDF1
  0000                00225         extern  _WREG
  0000                00226         extern  _FSR0L
  0000                00227         extern  _FSR0H
  0000                00228         extern  _PLUSW0
  0000                00229         extern  _PREINC0
  0000                00230         extern  _POSTDEC0
  0000                00231         extern  _POSTINC0
  0000                00232         extern  _INDF0
  0000                00233         extern  _INTCON3
  0000                00234         extern  _INTCON2
  0000                00235         extern  _INTCON
  0000                00236         extern  _PROD
  0000                00237         extern  _PRODL
  0000                00238         extern  _PRODH
  0000                00239         extern  _TABLAT
  0000                00240         extern  _TBLPTR
  0000                00241         extern  _TBLPTRL
  0000                00242         extern  _TBLPTRH
  0000                00243         extern  _TBLPTRU
  0000                00244         extern  _PC
  0000                00245         extern  _PCL
  0000                00246         extern  _PCLATH
  0000                00247         extern  _PCLATU
  0000                00248         extern  _STKPTR
  0000                00249         extern  _TOS
  0000                00250         extern  _TOSL
  0000                00251         extern  _TOSH
  0000                00252         extern  _TOSU
  0000                00253         extern  _cake_eat_basket
                      00254 
                      00255 ;--------------------------------------------------------
                      00256 ;       Equates to used internal registers
                      00257 ;--------------------------------------------------------
  00000FD8            00258 STATUS  equ     0xfd8
  00000FE8            00259 WREG    equ     0xfe8
  00000FE9            00260 FSR0L   equ     0xfe9
  00000FEA            00261 FSR0H   equ     0xfea
  00000FE1            00262 FSR1L   equ     0xfe1
  00000FD9            00263 FSR2L   equ     0xfd9
  00000FEF            00264 INDF0   equ     0xfef
  00000FE5            00265 POSTDEC1        equ     0xfe5
gpasm-1.4.0 #1107 (Feb 13 2015)   usb_ep1.asm   4-21-2015  23:49:52         PAGE  6


LOC    OBJECT CODE    LINE  SOURCE TEXT
  VALUE

  00000FE4            00266 PREINC1 equ     0xfe4
                      00267 
                      00268 
                      00269 ; Internal registers
                      00270 .registers      udata_ovr       0x0000
000000                00271 r0x00   res     1
000001                00272 r0x01   res     1
000002                00273 r0x02   res     1
                      00274 
                      00275 
                      00276 usb_buff        udata
000000                00277 _USB_EP1_out_buffer     res     64
                      00278 
                      00279 ;--------------------------------------------------------
                      00280 ; global & static initialisations
                      00281 ;--------------------------------------------------------
                      00282 ; I code from now on!
                      00283 ; ; Starting pCode block
                      00284 S_usb_ep1__USB_EP1_transmission code
000000                00285 _USB_EP1_transmission:
                      00286         .line   56; usb_ep1.c   void USB_EP1_transmission(void)
000000 CFD9 FFE5      00287         MOVFF   FSR2L, POSTDEC1
000004 CFE1 FFD9      00288         MOVFF   FSR1L, FSR2L
000008 C??? F???      00289         MOVFF   r0x00, POSTDEC1
00000C ????           00290         BANKSEL (_usb_bd + 9)
                      00291         .line   60; usb_ep1.c   cake_eat_basket(bdpnt->adr, bdpnt->cnt);
00000E 51??           00292         MOVF    (_usb_bd + 9), W, B
Message[1301]: Using default destination of 0 (Access Bank).
000010 6EE5           00293         MOVWF   POSTDEC1
000012 ????           00294         BANKSEL (_usb_bd + 11)
000014 51??           00295         MOVF    (_usb_bd + 11), W, B
Message[1301]: Using default destination of 0 (Access Bank).
000016 6EE5           00296         MOVWF   POSTDEC1
000018 ????           00297         BANKSEL (_usb_bd + 10)
00001A 51??           00298         MOVF    (_usb_bd + 10), W, B
Message[1301]: Using default destination of 0 (Access Bank).
00001C 6EE5           00299         MOVWF   POSTDEC1
00001E EC?? F0??      00300         CALL    _cake_eat_basket
000022 0E03           00301         MOVLW   0x03
000024 26E1           00302         ADDWF   FSR1L, F
                      00303         .line   62; usb_ep1.c   bdpnt->cnt = EP1_BUFFER_SIZE;
000026 0E40           00304         MOVLW   0x40
000028 ????           00305         BANKSEL (_usb_bd + 9)
00002A 6F??           00306         MOVWF   (_usb_bd + 9), B
                      00307         .line   64; usb_ep1.c   USB_BD_SET_STAT(bdpnt);
00002C 0E40           00308         MOVLW   0x40
00002E ????           00309         BANKSEL (_usb_bd + 8)
000030 15??           00310         ANDWF   (_usb_bd + 8), W, B
Message[1301]: Using default destination of 0 (Access Bank).
000032 6E??           00311         MOVWF   r0x00
000034 7C??           00312         BTG     r0x00, 6
000036 0E88           00313         MOVLW   0x88
000038 12??           00314         IORWF   r0x00, F
gpasm-1.4.0 #1107 (Feb 13 2015)   usb_ep1.asm   4-21-2015  23:49:52         PAGE  7


LOC    OBJECT CODE    LINE  SOURCE TEXT
  VALUE

00003A 50??           00315         MOVF    r0x00, W
00003C ????           00316         BANKSEL (_usb_bd + 8)
00003E 6F??           00317         MOVWF   (_usb_bd + 8), B
000040 CFE4 F000      00318         MOVFF   PREINC1, r0x00
000044 CFE4 FFD9      00319         MOVFF   PREINC1, FSR2L
000048 0012           00320         RETURN  
                      00321 
                      00322 ; ; Starting pCode block
                      00323 S_usb_ep1__USB_EP1_init code
000000                00324 _USB_EP1_init:
                      00325         .line   34; usb_ep1.c   void USB_EP1_init(void)
000000 CFD9 FFE5      00326         MOVFF   FSR2L, POSTDEC1
000004 CFE1 FFD9      00327         MOVFF   FSR1L, FSR2L
000008 C??? F???      00328         MOVFF   r0x00, POSTDEC1
00000C C??? F???      00329         MOVFF   r0x01, POSTDEC1
000010 C??? F???      00330         MOVFF   r0x02, POSTDEC1
                      00331         .line   38; usb_ep1.c   for (i=0; i<sizeof(USB_EP1_out_buffer); i++)
Message[1301]: Using default destination of 0 (Access Bank).
000014 6A??           00332         CLRF    r0x00
000016                00333 _00106_DS_:
                      00334         .line   39; usb_ep1.c   ((unsigned char *)USB_EP1_out_buffer)[i] = 0;
000016 0E??           00335         MOVLW   LOW(_USB_EP1_out_buffer)
Message[1301]: Using default destination of 0 (Access Bank).
000018 6E??           00336         MOVWF   r0x01
00001A 0E??           00337         MOVLW   HIGH(_USB_EP1_out_buffer)
Message[1301]: Using default destination of 0 (Access Bank).
00001C 6E??           00338         MOVWF   r0x02
00001E 50??           00339         MOVF    r0x00, W
000020 26??           00340         ADDWF   r0x01, F
Message[1301]: Using default destination of 0 (Access Bank).
000022 6AE8           00341         CLRF    WREG
000024 22??           00342         ADDWFC  r0x02, F
000026 C??? F???      00343         MOVFF   r0x01, FSR0L
00002A C??? F???      00344         MOVFF   r0x02, FSR0H
00002E 0E00           00345         MOVLW   0x00
Message[1301]: Using default destination of 0 (Access Bank).
000030 6EEF           00346         MOVWF   INDF0
                      00347         .line   38; usb_ep1.c   for (i=0; i<sizeof(USB_EP1_out_buffer); i++)
000032 2A??           00348         INCF    r0x00, F
000034 0E40           00349         MOVLW   0x40
000036 5C??           00350         SUBWF   r0x00, W
000038 E3??           00351         BNC     _00106_DS_
                      00352         .line   42; usb_ep1.c   bdpnt->cnt = EP1_BUFFER_SIZE;
00003A 0E40           00353         MOVLW   0x40
00003C ????           00354         BANKSEL (_usb_bd + 9)
00003E 6F??           00355         MOVWF   (_usb_bd + 9), B
                      00356         .line   43; usb_ep1.c   bdpnt->adr = USB_EP1_out_buffer[0];
000040 0E??           00357         MOVLW   LOW(_USB_EP1_out_buffer)
000042 ????           00358         BANKSEL (_usb_bd + 10)
000044 6F??           00359         MOVWF   (_usb_bd + 10), B
000046 0E??           00360         MOVLW   HIGH(_USB_EP1_out_buffer)
000048 ????           00361         BANKSEL (_usb_bd + 11)
00004A 6F??           00362         MOVWF   (_usb_bd + 11), B
gpasm-1.4.0 #1107 (Feb 13 2015)   usb_ep1.asm   4-21-2015  23:49:52         PAGE  8


LOC    OBJECT CODE    LINE  SOURCE TEXT
  VALUE

                      00363         .line   44; usb_ep1.c   bdpnt->stat = BD_STAT_USIE | BD_STAT_DATA0 | BD_STAT_DTSEN;
00004C 0E88           00364         MOVLW   0x88
00004E ????           00365         BANKSEL (_usb_bd + 8)
000050 6F??           00366         MOVWF   (_usb_bd + 8), B
                      00367         .line   53; usb_ep1.c   UEP1 = UEP_EPHSHK | UEP_EPOUTEN;
000052 0E14           00368         MOVLW   0x14
Message[1301]: Using default destination of 0 (Access Bank).
000054 6E??           00369         MOVWF   _UEP1
000056 CFE4 F000      00370         MOVFF   PREINC1, r0x02
00005A CFE4 F000      00371         MOVFF   PREINC1, r0x01
00005E CFE4 F000      00372         MOVFF   PREINC1, r0x00
000062 CFE4 FFD9      00373         MOVFF   PREINC1, FSR2L
000066 0012           00374         RETURN  
                      00375 
                      00376 
                      00377 
                      00378 ; Statistics:
                      00379 ; code size:      178 (0x00b2) bytes ( 0.14%)
                      00380 ;                  89 (0x0059) words
                      00381 ; udata size:      64 (0x0040) bytes ( 3.57%)
                      00382 ; access size:      3 (0x0003) bytes
                      00383 
                      00384 
                      00385         end
gpasm-1.4.0 #1107 (Feb 13 2015)   usb_ep1.asm   4-21-2015  23:49:52         PAGE  9


SYMBOL TABLE
  LABEL                             VALUE

FSR0H                             00000FEA
FSR0L                             00000FE9
FSR1L                             00000FE1
FSR2L                             00000FD9
INDF0                             00000FEF
POSTDEC1                          00000FE5
PREINC1                           00000FE4
STATUS                            00000FD8
WREG                              00000FE8
_00106_DS_                        00000016
_ADCON0                           00000000
_ADCON0bits                       00000000
_ADCON1                           00000000
_ADCON1bits                       00000000
_ADCON2                           00000000
_ADCON2bits                       00000000
_ADRES                            00000000
_ADRESH                           00000000
_ADRESL                           00000000
_BAUDCON                          00000000
_BAUDCONbits                      00000000
_BAUDCTL                          00000000
_BAUDCTLbits                      00000000
_BSR                              00000000
_CCP1AS                           00000000
_CCP1ASbits                       00000000
_CCP1CON                          00000000
_CCP1CONbits                      00000000
_CCP1DEL                          00000000
_CCP1DELbits                      00000000
_CCP2CON                          00000000
_CCP2CONbits                      00000000
_CCPR1                            00000000
_CCPR1H                           00000000
_CCPR1L                           00000000
_CCPR2                            00000000
_CCPR2H                           00000000
_CCPR2L                           00000000
_CMCON                            00000000
_CMCONbits                        00000000
_CVRCON                           00000000
_CVRCONbits                       00000000
_DDRA                             00000000
_DDRAbits                         00000000
_DDRB                             00000000
_DDRBbits                         00000000
_DDRC                             00000000
_DDRCbits                         00000000
_ECCP1AS                          00000000
_ECCP1ASbits                      00000000
_ECCP1DEL                         00000000
_ECCP1DELbits                     00000000
_EEADR                            00000000
gpasm-1.4.0 #1107 (Feb 13 2015)   usb_ep1.asm   4-21-2015  23:49:52         PAGE 10


SYMBOL TABLE
  LABEL                             VALUE 

_EECON1                           00000000
_EECON1bits                       00000000
_EECON2                           00000000
_EEDATA                           00000000
_FSR0H                            00000000
_FSR0L                            00000000
_FSR1H                            00000000
_FSR1L                            00000000
_FSR2H                            00000000
_FSR2L                            00000000
_HLVDCON                          00000000
_HLVDCONbits                      00000000
_INDF0                            00000000
_INDF1                            00000000
_INDF2                            00000000
_INTCON                           00000000
_INTCON2                          00000000
_INTCON2bits                      00000000
_INTCON3                          00000000
_INTCON3bits                      00000000
_INTCONbits                       00000000
_IPR1                             00000000
_IPR1bits                         00000000
_IPR2                             00000000
_IPR2bits                         00000000
_LATA                             00000000
_LATAbits                         00000000
_LATB                             00000000
_LATBbits                         00000000
_LATC                             00000000
_LATCbits                         00000000
_LVDCON                           00000000
_LVDCONbits                       00000000
_OSCCON                           00000000
_OSCCONbits                       00000000
_OSCTUNE                          00000000
_OSCTUNEbits                      00000000
_PC                               00000000
_PCL                              00000000
_PCLATH                           00000000
_PCLATU                           00000000
_PIE1                             00000000
_PIE1bits                         00000000
_PIE2                             00000000
_PIE2bits                         00000000
_PIR1                             00000000
_PIR1bits                         00000000
_PIR2                             00000000
_PIR2bits                         00000000
_PLUSW0                           00000000
_PLUSW1                           00000000
_PLUSW2                           00000000
_PORTA                            00000000
gpasm-1.4.0 #1107 (Feb 13 2015)   usb_ep1.asm   4-21-2015  23:49:52         PAGE 11


SYMBOL TABLE
  LABEL                             VALUE 

_PORTAbits                        00000000
_PORTB                            00000000
_PORTBbits                        00000000
_PORTC                            00000000
_PORTCbits                        00000000
_PORTE                            00000000
_PORTEbits                        00000000
_POSTDEC0                         00000000
_POSTDEC1                         00000000
_POSTDEC2                         00000000
_POSTINC0                         00000000
_POSTINC1                         00000000
_POSTINC2                         00000000
_PR2                              00000000
_PREINC0                          00000000
_PREINC1                          00000000
_PREINC2                          00000000
_PROD                             00000000
_PRODH                            00000000
_PRODL                            00000000
_RCON                             00000000
_RCONbits                         00000000
_RCREG                            00000000
_RCSTA                            00000000
_RCSTAbits                        00000000
_SPBRG                            00000000
_SPBRGH                           00000000
_SSPADD                           00000000
_SSPBUF                           00000000
_SSPCON1                          00000000
_SSPCON1bits                      00000000
_SSPCON2                          00000000
_SSPCON2bits                      00000000
_SSPSTAT                          00000000
_SSPSTATbits                      00000000
_STATUS                           00000000
_STATUSbits                       00000000
_STKPTR                           00000000
_STKPTRbits                       00000000
_T0CON                            00000000
_T0CONbits                        00000000
_T1CON                            00000000
_T1CONbits                        00000000
_T2CON                            00000000
_T2CONbits                        00000000
_T3CON                            00000000
_T3CONbits                        00000000
_TABLAT                           00000000
_TBLPTR                           00000000
_TBLPTRH                          00000000
_TBLPTRL                          00000000
_TBLPTRU                          00000000
_TMR0                             00000000
gpasm-1.4.0 #1107 (Feb 13 2015)   usb_ep1.asm   4-21-2015  23:49:52         PAGE 12


SYMBOL TABLE
  LABEL                             VALUE 

_TMR0H                            00000000
_TMR0L                            00000000
_TMR1                             00000000
_TMR1H                            00000000
_TMR1L                            00000000
_TMR2                             00000000
_TMR3                             00000000
_TMR3H                            00000000
_TMR3L                            00000000
_TOS                              00000000
_TOSH                             00000000
_TOSL                             00000000
_TOSU                             00000000
_TRISA                            00000000
_TRISAbits                        00000000
_TRISB                            00000000
_TRISBbits                        00000000
_TRISC                            00000000
_TRISCbits                        00000000
_TXREG                            00000000
_TXSTA                            00000000
_TXSTAbits                        00000000
_UADDR                            00000000
_UADDRbits                        00000000
_UCFG                             00000000
_UCFGbits                         00000000
_UCON                             00000000
_UCONbits                         00000000
_UEIE                             00000000
_UEIEbits                         00000000
_UEIR                             00000000
_UEIRbits                         00000000
_UEP0                             00000000
_UEP0bits                         00000000
_UEP1                             00000000
_UEP10                            00000000
_UEP10bits                        00000000
_UEP11                            00000000
_UEP11bits                        00000000
_UEP12                            00000000
_UEP12bits                        00000000
_UEP13                            00000000
_UEP13bits                        00000000
_UEP14                            00000000
_UEP14bits                        00000000
_UEP15                            00000000
_UEP15bits                        00000000
_UEP1bits                         00000000
_UEP2                             00000000
_UEP2bits                         00000000
_UEP3                             00000000
_UEP3bits                         00000000
_UEP4                             00000000
gpasm-1.4.0 #1107 (Feb 13 2015)   usb_ep1.asm   4-21-2015  23:49:52         PAGE 13


SYMBOL TABLE
  LABEL                             VALUE 

_UEP4bits                         00000000
_UEP5                             00000000
_UEP5bits                         00000000
_UEP6                             00000000
_UEP6bits                         00000000
_UEP7                             00000000
_UEP7bits                         00000000
_UEP8                             00000000
_UEP8bits                         00000000
_UEP9                             00000000
_UEP9bits                         00000000
_UFRM                             00000000
_UFRMH                            00000000
_UFRMHbits                        00000000
_UFRML                            00000000
_UFRMLbits                        00000000
_UIE                              00000000
_UIEbits                          00000000
_UIR                              00000000
_UIRbits                          00000000
_USB_EP1_init                     00000000
_USB_EP1_out_buffer               00000000
_USB_EP1_transmission             00000000
_USTAT                            00000000
_USTATbits                        00000000
_WDTCON                           00000000
_WDTCONbits                       00000000
_WREG                             00000000
__18F2550                         00000001
__ACC_RAM_LOW_END                 0000005F
__CODE_END                        00007FFF
__CODE_START                      00000000
__EEPROM_END                      00F000FF
__EEPROM_START                    00F00000
__VECTOR_INT_HIGH                 00000008
__VECTOR_INT_LOW                  00000018
__VECTOR_RESET                    00000000
_cake_eat_basket                  00000000
_usb_bd                           00000000
_usb_ustat                        00000000
r0x00                             00000000
r0x01                             00000001
r0x02                             00000002

Errors   :     0
Warnings :     0 reported,     0 suppressed
Messages :    10 reported,     0 suppressed

